{"__type":"$$EventMessageAudit","id":"3ea5bfaa-1111-4792-b1f1-7b5619c41b00","ts":"2025-07-11T17:56:04.109+00:00","eventName":"n8n.audit.workflow.created","message":"n8n.audit.workflow.created","payload":{"userId":"6f367b87-0447-449a-9cf4-3134c041aaf8","_email":"iigorrr526@gmail.com","_firstName":"Игорь","_lastName":"Тер-Погосян","globalRole":"global:owner","workflowId":"y0n8oHJ71nRBReOI","workflowName":"My workflow"}}
{"__type":"$$EventMessageConfirm","confirm":"3ea5bfaa-1111-4792-b1f1-7b5619c41b00","ts":"2025-07-11T17:56:04.110+00:00","source":{"id":"0","name":"eventBus"}}
{"__type":"$$EventMessageWorkflow","id":"b851a349-e8bd-47c1-a736-bd5164e7c239","ts":"2025-07-11T17:56:04.836+00:00","eventName":"n8n.workflow.started","message":"n8n.workflow.started","payload":{"executionId":"1","workflowId":"y0n8oHJ71nRBReOI","isManual":false,"workflowName":"My workflow"}}
{"__type":"$$EventMessageConfirm","confirm":"b851a349-e8bd-47c1-a736-bd5164e7c239","ts":"2025-07-11T17:56:04.836+00:00","source":{"id":"0","name":"eventBus"}}
{"__type":"$$EventMessageNode","id":"3fa578f8-ed44-4dca-90cc-b4f5017f2b5c","ts":"2025-07-11T17:56:04.838+00:00","eventName":"n8n.node.started","message":"n8n.node.started","payload":{"workflowId":"y0n8oHJ71nRBReOI","workflowName":"My workflow","executionId":"1","nodeType":"n8n-nodes-base.scheduleTrigger","nodeName":"Schedule Trigger","nodeId":"10442463-6c63-4d19-88ec-12a7a5ef505b"}}
{"__type":"$$EventMessageConfirm","confirm":"3fa578f8-ed44-4dca-90cc-b4f5017f2b5c","ts":"2025-07-11T17:56:04.838+00:00","source":{"id":"0","name":"eventBus"}}
{"__type":"$$EventMessageNode","id":"013f474c-8b00-4196-91e5-11235c75feda","ts":"2025-07-11T17:56:04.859+00:00","eventName":"n8n.node.finished","message":"n8n.node.finished","payload":{"workflowId":"y0n8oHJ71nRBReOI","workflowName":"My workflow","executionId":"1","nodeType":"n8n-nodes-base.scheduleTrigger","nodeName":"Schedule Trigger","nodeId":"10442463-6c63-4d19-88ec-12a7a5ef505b"}}
{"__type":"$$EventMessageConfirm","confirm":"013f474c-8b00-4196-91e5-11235c75feda","ts":"2025-07-11T17:56:04.859+00:00","source":{"id":"0","name":"eventBus"}}
{"__type":"$$EventMessageNode","id":"0be3ddfd-8c3d-4987-b3c4-e61de78d3819","ts":"2025-07-11T17:56:04.859+00:00","eventName":"n8n.node.started","message":"n8n.node.started","payload":{"workflowId":"y0n8oHJ71nRBReOI","workflowName":"My workflow","executionId":"1","nodeType":"n8n-nodes-base.httpRequest","nodeName":"HTTP Request","nodeId":"2c07a260-415d-43cf-88aa-4dd37a37b835"}}
{"__type":"$$EventMessageConfirm","confirm":"0be3ddfd-8c3d-4987-b3c4-e61de78d3819","ts":"2025-07-11T17:56:04.860+00:00","source":{"id":"0","name":"eventBus"}}
{"__type":"$$EventMessageNode","id":"a1dd12f7-1d29-467f-a1ec-e3f2ed09e033","ts":"2025-07-11T17:56:04.954+00:00","eventName":"n8n.node.finished","message":"n8n.node.finished","payload":{"workflowId":"y0n8oHJ71nRBReOI","workflowName":"My workflow","executionId":"1","nodeType":"n8n-nodes-base.httpRequest","nodeName":"HTTP Request","nodeId":"2c07a260-415d-43cf-88aa-4dd37a37b835"}}
{"__type":"$$EventMessageConfirm","confirm":"a1dd12f7-1d29-467f-a1ec-e3f2ed09e033","ts":"2025-07-11T17:56:04.955+00:00","source":{"id":"0","name":"eventBus"}}
{"__type":"$$EventMessageWorkflow","id":"994fda0d-1063-4e0e-9bd1-761bd262bf59","ts":"2025-07-11T17:56:04.961+00:00","eventName":"n8n.workflow.failed","message":"n8n.workflow.failed","payload":{"userId":"6f367b87-0447-449a-9cf4-3134c041aaf8","executionId":"1","success":false,"isManual":true,"workflowId":"y0n8oHJ71nRBReOI","workflowName":"My workflow","lastNodeExecuted":"HTTP Request","errorNodeType":"n8n-nodes-base.httpRequest","errorMessage":"The service refused the connection - perhaps it is offline"}}
{"__type":"$$EventMessageConfirm","confirm":"994fda0d-1063-4e0e-9bd1-761bd262bf59","ts":"2025-07-11T17:56:04.961+00:00","source":{"id":"0","name":"eventBus"}}
{"__type":"$$EventMessageWorkflow","id":"1ad74c66-0b84-4f34-89fb-5cf2ef2f6aa6","ts":"2025-07-11T17:57:03.349+00:00","eventName":"n8n.workflow.started","message":"n8n.workflow.started","payload":{"executionId":"2","workflowId":"y0n8oHJ71nRBReOI","isManual":false,"workflowName":"My workflow"}}
{"__type":"$$EventMessageConfirm","confirm":"1ad74c66-0b84-4f34-89fb-5cf2ef2f6aa6","ts":"2025-07-11T17:57:03.349+00:00","source":{"id":"0","name":"eventBus"}}
{"__type":"$$EventMessageNode","id":"dd649357-fb57-4f04-ac74-35f98d58feec","ts":"2025-07-11T17:57:03.350+00:00","eventName":"n8n.node.started","message":"n8n.node.started","payload":{"workflowId":"y0n8oHJ71nRBReOI","workflowName":"My workflow","executionId":"2","nodeType":"n8n-nodes-base.httpRequest","nodeName":"HTTP Request","nodeId":"2c07a260-415d-43cf-88aa-4dd37a37b835"}}
{"__type":"$$EventMessageConfirm","confirm":"dd649357-fb57-4f04-ac74-35f98d58feec","ts":"2025-07-11T17:57:03.350+00:00","source":{"id":"0","name":"eventBus"}}
{"__type":"$$EventMessageNode","id":"0feeefe6-9104-4ec7-ae0e-c4229c6d0c9e","ts":"2025-07-11T13:57:03.453-04:00","eventName":"n8n.node.finished","message":"n8n.node.finished","payload":{"workflowId":"y0n8oHJ71nRBReOI","workflowName":"My workflow","executionId":"2","nodeType":"n8n-nodes-base.httpRequest","nodeName":"HTTP Request","nodeId":"2c07a260-415d-43cf-88aa-4dd37a37b835"}}
{"__type":"$$EventMessageConfirm","confirm":"0feeefe6-9104-4ec7-ae0e-c4229c6d0c9e","ts":"2025-07-11T13:57:03.453-04:00","source":{"id":"0","name":"eventBus"}}
{"__type":"$$EventMessageWorkflow","id":"8586fea8-004d-4609-bed0-cda8d3e6dde1","ts":"2025-07-11T13:57:03.455-04:00","eventName":"n8n.workflow.success","message":"n8n.workflow.success","payload":{"userId":"6f367b87-0447-449a-9cf4-3134c041aaf8","executionId":"2","success":true,"isManual":true,"workflowId":"y0n8oHJ71nRBReOI","workflowName":"My workflow"}}
{"__type":"$$EventMessageConfirm","confirm":"8586fea8-004d-4609-bed0-cda8d3e6dde1","ts":"2025-07-11T13:57:03.456-04:00","source":{"id":"0","name":"eventBus"}}
{"__type":"$$EventMessageWorkflow","id":"4c32564e-be6e-4304-aa3d-c4ab5c9c6d67","ts":"2025-07-11T13:57:20.479-04:00","eventName":"n8n.workflow.started","message":"n8n.workflow.started","payload":{"executionId":"3","workflowId":"y0n8oHJ71nRBReOI","isManual":false,"workflowName":"My workflow"}}
{"__type":"$$EventMessageConfirm","confirm":"4c32564e-be6e-4304-aa3d-c4ab5c9c6d67","ts":"2025-07-11T13:57:20.479-04:00","source":{"id":"0","name":"eventBus"}}
{"__type":"$$EventMessageNode","id":"ba8417b7-3ead-4364-918b-58c762a736bc","ts":"2025-07-11T13:57:20.480-04:00","eventName":"n8n.node.started","message":"n8n.node.started","payload":{"workflowId":"y0n8oHJ71nRBReOI","workflowName":"My workflow","executionId":"3","nodeType":"n8n-nodes-base.httpRequest","nodeName":"HTTP Request","nodeId":"2c07a260-415d-43cf-88aa-4dd37a37b835"}}
{"__type":"$$EventMessageConfirm","confirm":"ba8417b7-3ead-4364-918b-58c762a736bc","ts":"2025-07-11T13:57:20.480-04:00","source":{"id":"0","name":"eventBus"}}
{"__type":"$$EventMessageNode","id":"10bff1a8-8238-4a41-984d-91fd78f00eb2","ts":"2025-07-11T13:57:20.499-04:00","eventName":"n8n.node.finished","message":"n8n.node.finished","payload":{"workflowId":"y0n8oHJ71nRBReOI","workflowName":"My workflow","executionId":"3","nodeType":"n8n-nodes-base.httpRequest","nodeName":"HTTP Request","nodeId":"2c07a260-415d-43cf-88aa-4dd37a37b835"}}
{"__type":"$$EventMessageConfirm","confirm":"10bff1a8-8238-4a41-984d-91fd78f00eb2","ts":"2025-07-11T13:57:20.499-04:00","source":{"id":"0","name":"eventBus"}}
{"__type":"$$EventMessageWorkflow","id":"66ba8098-6abb-4bee-bb9d-b02d3c38113e","ts":"2025-07-11T13:57:20.501-04:00","eventName":"n8n.workflow.success","message":"n8n.workflow.success","payload":{"userId":"6f367b87-0447-449a-9cf4-3134c041aaf8","executionId":"3","success":true,"isManual":true,"workflowId":"y0n8oHJ71nRBReOI","workflowName":"My workflow"}}
{"__type":"$$EventMessageConfirm","confirm":"66ba8098-6abb-4bee-bb9d-b02d3c38113e","ts":"2025-07-11T13:57:20.501-04:00","source":{"id":"0","name":"eventBus"}}
{"__type":"$$EventMessageWorkflow","id":"e0512501-ca69-438a-bc3e-928d7d192824","ts":"2025-07-11T13:57:54.467-04:00","eventName":"n8n.workflow.started","message":"n8n.workflow.started","payload":{"executionId":"4","workflowId":"y0n8oHJ71nRBReOI","isManual":false,"workflowName":"My workflow"}}
{"__type":"$$EventMessageConfirm","confirm":"e0512501-ca69-438a-bc3e-928d7d192824","ts":"2025-07-11T13:57:54.467-04:00","source":{"id":"0","name":"eventBus"}}
{"__type":"$$EventMessageNode","id":"e48a4e79-a119-499c-88b1-3881ca5ad9dc","ts":"2025-07-11T13:57:54.468-04:00","eventName":"n8n.node.started","message":"n8n.node.started","payload":{"workflowId":"y0n8oHJ71nRBReOI","workflowName":"My workflow","executionId":"4","nodeType":"n8n-nodes-base.set","nodeName":"Edit Fields","nodeId":"56813d74-832b-43ce-8e3b-d619f1f44403"}}
{"__type":"$$EventMessageConfirm","confirm":"e48a4e79-a119-499c-88b1-3881ca5ad9dc","ts":"2025-07-11T13:57:54.468-04:00","source":{"id":"0","name":"eventBus"}}
{"__type":"$$EventMessageNode","id":"a82042b9-e619-4d67-8b94-8fe13a6ba440","ts":"2025-07-11T13:57:54.482-04:00","eventName":"n8n.node.finished","message":"n8n.node.finished","payload":{"workflowId":"y0n8oHJ71nRBReOI","workflowName":"My workflow","executionId":"4","nodeType":"n8n-nodes-base.set","nodeName":"Edit Fields","nodeId":"56813d74-832b-43ce-8e3b-d619f1f44403"}}
{"__type":"$$EventMessageConfirm","confirm":"a82042b9-e619-4d67-8b94-8fe13a6ba440","ts":"2025-07-11T13:57:54.483-04:00","source":{"id":"0","name":"eventBus"}}
{"__type":"$$EventMessageWorkflow","id":"e8289f0a-665f-4030-a213-41d2abe8a8b5","ts":"2025-07-11T13:57:54.485-04:00","eventName":"n8n.workflow.success","message":"n8n.workflow.success","payload":{"userId":"6f367b87-0447-449a-9cf4-3134c041aaf8","executionId":"4","success":true,"isManual":true,"workflowId":"y0n8oHJ71nRBReOI","workflowName":"My workflow"}}
{"__type":"$$EventMessageConfirm","confirm":"e8289f0a-665f-4030-a213-41d2abe8a8b5","ts":"2025-07-11T13:57:54.485-04:00","source":{"id":"0","name":"eventBus"}}
{"__type":"$$EventMessageWorkflow","id":"0134e7ee-8251-47cc-9182-8091fb7ced8e","ts":"2025-07-11T14:02:09.690-04:00","eventName":"n8n.workflow.started","message":"n8n.workflow.started","payload":{"executionId":"5","workflowId":"y0n8oHJ71nRBReOI","isManual":false,"workflowName":"My workflow"}}
{"__type":"$$EventMessageConfirm","confirm":"0134e7ee-8251-47cc-9182-8091fb7ced8e","ts":"2025-07-11T14:02:09.691-04:00","source":{"id":"0","name":"eventBus"}}
{"__type":"$$EventMessageNode","id":"6eeb1d07-8201-43d6-b6a5-69742e1b5630","ts":"2025-07-11T14:02:09.692-04:00","eventName":"n8n.node.started","message":"n8n.node.started","payload":{"workflowId":"y0n8oHJ71nRBReOI","workflowName":"My workflow","executionId":"5","nodeType":"n8n-nodes-base.set","nodeName":"Edit Fields","nodeId":"56813d74-832b-43ce-8e3b-d619f1f44403"}}
{"__type":"$$EventMessageConfirm","confirm":"6eeb1d07-8201-43d6-b6a5-69742e1b5630","ts":"2025-07-11T14:02:09.692-04:00","source":{"id":"0","name":"eventBus"}}
{"__type":"$$EventMessageNode","id":"5553b415-baf1-40e7-ab2d-a8c453db7c39","ts":"2025-07-11T14:02:09.729-04:00","eventName":"n8n.node.finished","message":"n8n.node.finished","payload":{"workflowId":"y0n8oHJ71nRBReOI","workflowName":"My workflow","executionId":"5","nodeType":"n8n-nodes-base.set","nodeName":"Edit Fields","nodeId":"56813d74-832b-43ce-8e3b-d619f1f44403"}}
{"__type":"$$EventMessageConfirm","confirm":"5553b415-baf1-40e7-ab2d-a8c453db7c39","ts":"2025-07-11T14:02:09.729-04:00","source":{"id":"0","name":"eventBus"}}
{"__type":"$$EventMessageWorkflow","id":"bf28c0b4-8100-476f-a7b0-7bbd41ef6410","ts":"2025-07-11T14:02:09.732-04:00","eventName":"n8n.workflow.success","message":"n8n.workflow.success","payload":{"userId":"6f367b87-0447-449a-9cf4-3134c041aaf8","executionId":"5","success":true,"isManual":true,"workflowId":"y0n8oHJ71nRBReOI","workflowName":"My workflow"}}
{"__type":"$$EventMessageConfirm","confirm":"bf28c0b4-8100-476f-a7b0-7bbd41ef6410","ts":"2025-07-11T14:02:09.732-04:00","source":{"id":"0","name":"eventBus"}}
{"__type":"$$EventMessageWorkflow","id":"4c60072b-4010-4821-85fa-66868d491a1a","ts":"2025-07-11T14:04:50.249-04:00","eventName":"n8n.workflow.started","message":"n8n.workflow.started","payload":{"executionId":"6","workflowId":"y0n8oHJ71nRBReOI","isManual":false,"workflowName":"My workflow"}}
{"__type":"$$EventMessageConfirm","confirm":"4c60072b-4010-4821-85fa-66868d491a1a","ts":"2025-07-11T14:04:50.249-04:00","source":{"id":"0","name":"eventBus"}}
{"__type":"$$EventMessageNode","id":"8e45e3cd-e296-48a3-a09e-b732b913d53b","ts":"2025-07-11T14:04:50.250-04:00","eventName":"n8n.node.started","message":"n8n.node.started","payload":{"workflowId":"y0n8oHJ71nRBReOI","workflowName":"My workflow","executionId":"6","nodeType":"n8n-nodes-base.code","nodeName":"Code","nodeId":"e312804e-ff25-4acc-8712-7bcba964fbe1"}}
{"__type":"$$EventMessageConfirm","confirm":"8e45e3cd-e296-48a3-a09e-b732b913d53b","ts":"2025-07-11T14:04:50.250-04:00","source":{"id":"0","name":"eventBus"}}
{"__type":"$$EventMessageRunner","id":"1d8d4f66-e640-47f1-919d-cfe5a8f89040","ts":"2025-07-11T14:04:50.257-04:00","eventName":"n8n.runner.task.requested","message":"n8n.runner.task.requested","payload":{"taskId":"j3yuNZHv","nodeId":"e312804e-ff25-4acc-8712-7bcba964fbe1","workflowId":"y0n8oHJ71nRBReOI","executionId":"6"}}
{"__type":"$$EventMessageConfirm","confirm":"1d8d4f66-e640-47f1-919d-cfe5a8f89040","ts":"2025-07-11T14:04:50.257-04:00","source":{"id":"0","name":"eventBus"}}
{"__type":"$$EventMessageRunner","id":"99db4ba2-c39c-41ab-afa0-c29992e5e4bb","ts":"2025-07-11T14:04:50.316-04:00","eventName":"n8n.runner.response.received","message":"n8n.runner.response.received","payload":{"taskId":"j3yuNZHv","nodeId":"e312804e-ff25-4acc-8712-7bcba964fbe1","workflowId":"y0n8oHJ71nRBReOI","executionId":"6"}}
{"__type":"$$EventMessageConfirm","confirm":"99db4ba2-c39c-41ab-afa0-c29992e5e4bb","ts":"2025-07-11T14:04:50.316-04:00","source":{"id":"0","name":"eventBus"}}
{"__type":"$$EventMessageNode","id":"e30db263-bc4e-44ad-bc6a-4df50c1072b7","ts":"2025-07-11T14:04:50.316-04:00","eventName":"n8n.node.finished","message":"n8n.node.finished","payload":{"workflowId":"y0n8oHJ71nRBReOI","workflowName":"My workflow","executionId":"6","nodeType":"n8n-nodes-base.code","nodeName":"Code","nodeId":"e312804e-ff25-4acc-8712-7bcba964fbe1"}}
{"__type":"$$EventMessageConfirm","confirm":"e30db263-bc4e-44ad-bc6a-4df50c1072b7","ts":"2025-07-11T14:04:50.316-04:00","source":{"id":"0","name":"eventBus"}}
{"__type":"$$EventMessageWorkflow","id":"bd9af015-0bda-484b-b2de-8e79f7d64743","ts":"2025-07-11T14:04:50.318-04:00","eventName":"n8n.workflow.success","message":"n8n.workflow.success","payload":{"userId":"6f367b87-0447-449a-9cf4-3134c041aaf8","executionId":"6","success":true,"isManual":true,"workflowId":"y0n8oHJ71nRBReOI","workflowName":"My workflow"}}
{"__type":"$$EventMessageConfirm","confirm":"bd9af015-0bda-484b-b2de-8e79f7d64743","ts":"2025-07-11T14:04:50.318-04:00","source":{"id":"0","name":"eventBus"}}
{"__type":"$$EventMessageWorkflow","id":"fe3f2dd7-16b0-4dbf-901a-0850ad7274e8","ts":"2025-07-11T14:05:06.274-04:00","eventName":"n8n.workflow.started","message":"n8n.workflow.started","payload":{"executionId":"7","workflowId":"y0n8oHJ71nRBReOI","isManual":false,"workflowName":"My workflow"}}
{"__type":"$$EventMessageConfirm","confirm":"fe3f2dd7-16b0-4dbf-901a-0850ad7274e8","ts":"2025-07-11T14:05:06.274-04:00","source":{"id":"0","name":"eventBus"}}
{"__type":"$$EventMessageNode","id":"fd65bae7-c90d-4ee5-9c4f-12e1d7f0080b","ts":"2025-07-11T14:05:06.274-04:00","eventName":"n8n.node.started","message":"n8n.node.started","payload":{"workflowId":"y0n8oHJ71nRBReOI","workflowName":"My workflow","executionId":"7","nodeType":"n8n-nodes-base.code","nodeName":"Code","nodeId":"e312804e-ff25-4acc-8712-7bcba964fbe1"}}
{"__type":"$$EventMessageConfirm","confirm":"fd65bae7-c90d-4ee5-9c4f-12e1d7f0080b","ts":"2025-07-11T14:05:06.275-04:00","source":{"id":"0","name":"eventBus"}}
{"__type":"$$EventMessageRunner","id":"9b6ad3fc-7aa9-4389-b748-c17d76c4215f","ts":"2025-07-11T14:05:06.277-04:00","eventName":"n8n.runner.task.requested","message":"n8n.runner.task.requested","payload":{"taskId":"xHsX1dXw","nodeId":"e312804e-ff25-4acc-8712-7bcba964fbe1","workflowId":"y0n8oHJ71nRBReOI","executionId":"7"}}
{"__type":"$$EventMessageConfirm","confirm":"9b6ad3fc-7aa9-4389-b748-c17d76c4215f","ts":"2025-07-11T14:05:06.277-04:00","source":{"id":"0","name":"eventBus"}}
{"__type":"$$EventMessageRunner","id":"d8bad4e5-1580-4a77-86e9-70a0114d0947","ts":"2025-07-11T14:05:06.283-04:00","eventName":"n8n.runner.response.received","message":"n8n.runner.response.received","payload":{"taskId":"xHsX1dXw","nodeId":"e312804e-ff25-4acc-8712-7bcba964fbe1","workflowId":"y0n8oHJ71nRBReOI","executionId":"7"}}
{"__type":"$$EventMessageConfirm","confirm":"d8bad4e5-1580-4a77-86e9-70a0114d0947","ts":"2025-07-11T14:05:06.283-04:00","source":{"id":"0","name":"eventBus"}}
{"__type":"$$EventMessageNode","id":"76b9cbab-b321-4f4d-8759-6fda66a7c897","ts":"2025-07-11T14:05:06.284-04:00","eventName":"n8n.node.finished","message":"n8n.node.finished","payload":{"workflowId":"y0n8oHJ71nRBReOI","workflowName":"My workflow","executionId":"7","nodeType":"n8n-nodes-base.code","nodeName":"Code","nodeId":"e312804e-ff25-4acc-8712-7bcba964fbe1"}}
{"__type":"$$EventMessageConfirm","confirm":"76b9cbab-b321-4f4d-8759-6fda66a7c897","ts":"2025-07-11T14:05:06.284-04:00","source":{"id":"0","name":"eventBus"}}
{"__type":"$$EventMessageWorkflow","id":"8e4e5346-bfd8-4550-b6b7-7d1a05fe571f","ts":"2025-07-11T14:05:06.285-04:00","eventName":"n8n.workflow.success","message":"n8n.workflow.success","payload":{"userId":"6f367b87-0447-449a-9cf4-3134c041aaf8","executionId":"7","success":true,"isManual":true,"workflowId":"y0n8oHJ71nRBReOI","workflowName":"My workflow"}}
{"__type":"$$EventMessageConfirm","confirm":"8e4e5346-bfd8-4550-b6b7-7d1a05fe571f","ts":"2025-07-11T14:05:06.286-04:00","source":{"id":"0","name":"eventBus"}}
{"__type":"$$EventMessageWorkflow","id":"7e2e0544-6fad-4c94-9546-aa7df63ea79f","ts":"2025-07-11T14:05:18.185-04:00","eventName":"n8n.workflow.started","message":"n8n.workflow.started","payload":{"executionId":"8","workflowId":"y0n8oHJ71nRBReOI","isManual":false,"workflowName":"My workflow"}}
{"__type":"$$EventMessageConfirm","confirm":"7e2e0544-6fad-4c94-9546-aa7df63ea79f","ts":"2025-07-11T14:05:18.186-04:00","source":{"id":"0","name":"eventBus"}}
{"__type":"$$EventMessageNode","id":"658d0293-67b0-4be6-8a9b-2e62676a79be","ts":"2025-07-11T14:05:18.186-04:00","eventName":"n8n.node.started","message":"n8n.node.started","payload":{"workflowId":"y0n8oHJ71nRBReOI","workflowName":"My workflow","executionId":"8","nodeType":"n8n-nodes-base.code","nodeName":"Code","nodeId":"e312804e-ff25-4acc-8712-7bcba964fbe1"}}
{"__type":"$$EventMessageConfirm","confirm":"658d0293-67b0-4be6-8a9b-2e62676a79be","ts":"2025-07-11T14:05:18.186-04:00","source":{"id":"0","name":"eventBus"}}
{"__type":"$$EventMessageRunner","id":"37b5374a-5a2e-46c4-a94d-b9070ce84b32","ts":"2025-07-11T14:05:18.189-04:00","eventName":"n8n.runner.task.requested","message":"n8n.runner.task.requested","payload":{"taskId":"lcGXY7F2","nodeId":"e312804e-ff25-4acc-8712-7bcba964fbe1","workflowId":"y0n8oHJ71nRBReOI","executionId":"8"}}
{"__type":"$$EventMessageConfirm","confirm":"37b5374a-5a2e-46c4-a94d-b9070ce84b32","ts":"2025-07-11T14:05:18.189-04:00","source":{"id":"0","name":"eventBus"}}
{"__type":"$$EventMessageRunner","id":"0ebfba93-7843-4bc9-8ae2-f0290b02691b","ts":"2025-07-11T14:05:18.199-04:00","eventName":"n8n.runner.response.received","message":"n8n.runner.response.received","payload":{"taskId":"lcGXY7F2","nodeId":"e312804e-ff25-4acc-8712-7bcba964fbe1","workflowId":"y0n8oHJ71nRBReOI","executionId":"8"}}
{"__type":"$$EventMessageConfirm","confirm":"0ebfba93-7843-4bc9-8ae2-f0290b02691b","ts":"2025-07-11T14:05:18.200-04:00","source":{"id":"0","name":"eventBus"}}
{"__type":"$$EventMessageNode","id":"eeb9543f-4bc8-45bc-b7b7-cf17a9b28e4d","ts":"2025-07-11T14:05:18.200-04:00","eventName":"n8n.node.finished","message":"n8n.node.finished","payload":{"workflowId":"y0n8oHJ71nRBReOI","workflowName":"My workflow","executionId":"8","nodeType":"n8n-nodes-base.code","nodeName":"Code","nodeId":"e312804e-ff25-4acc-8712-7bcba964fbe1"}}
{"__type":"$$EventMessageConfirm","confirm":"eeb9543f-4bc8-45bc-b7b7-cf17a9b28e4d","ts":"2025-07-11T14:05:18.200-04:00","source":{"id":"0","name":"eventBus"}}
{"__type":"$$EventMessageWorkflow","id":"74d6d3d2-3913-462c-b3c5-381774fb049a","ts":"2025-07-11T14:05:18.201-04:00","eventName":"n8n.workflow.success","message":"n8n.workflow.success","payload":{"userId":"6f367b87-0447-449a-9cf4-3134c041aaf8","executionId":"8","success":true,"isManual":true,"workflowId":"y0n8oHJ71nRBReOI","workflowName":"My workflow"}}
{"__type":"$$EventMessageConfirm","confirm":"74d6d3d2-3913-462c-b3c5-381774fb049a","ts":"2025-07-11T14:05:18.202-04:00","source":{"id":"0","name":"eventBus"}}
{"__type":"$$EventMessageWorkflow","id":"f0e6e17c-2fe0-4898-b7f9-6c4872fd39ce","ts":"2025-07-11T14:05:23.631-04:00","eventName":"n8n.workflow.started","message":"n8n.workflow.started","payload":{"executionId":"9","workflowId":"y0n8oHJ71nRBReOI","isManual":false,"workflowName":"My workflow"}}
{"__type":"$$EventMessageConfirm","confirm":"f0e6e17c-2fe0-4898-b7f9-6c4872fd39ce","ts":"2025-07-11T14:05:23.632-04:00","source":{"id":"0","name":"eventBus"}}
{"__type":"$$EventMessageNode","id":"9465ba78-1a38-4613-854a-6cbdd7c85018","ts":"2025-07-11T14:05:23.633-04:00","eventName":"n8n.node.started","message":"n8n.node.started","payload":{"workflowId":"y0n8oHJ71nRBReOI","workflowName":"My workflow","executionId":"9","nodeType":"n8n-nodes-base.code","nodeName":"Code","nodeId":"e312804e-ff25-4acc-8712-7bcba964fbe1"}}
{"__type":"$$EventMessageConfirm","confirm":"9465ba78-1a38-4613-854a-6cbdd7c85018","ts":"2025-07-11T14:05:23.633-04:00","source":{"id":"0","name":"eventBus"}}
{"__type":"$$EventMessageRunner","id":"5a7a44ff-5e5a-425a-9df3-26bcaab19a21","ts":"2025-07-11T14:05:23.635-04:00","eventName":"n8n.runner.task.requested","message":"n8n.runner.task.requested","payload":{"taskId":"HKlypvzu","nodeId":"e312804e-ff25-4acc-8712-7bcba964fbe1","workflowId":"y0n8oHJ71nRBReOI","executionId":"9"}}
{"__type":"$$EventMessageConfirm","confirm":"5a7a44ff-5e5a-425a-9df3-26bcaab19a21","ts":"2025-07-11T14:05:23.636-04:00","source":{"id":"0","name":"eventBus"}}
{"__type":"$$EventMessageRunner","id":"f532165a-75ba-40db-99a0-bccbd0685279","ts":"2025-07-11T14:05:23.641-04:00","eventName":"n8n.runner.response.received","message":"n8n.runner.response.received","payload":{"taskId":"HKlypvzu","nodeId":"e312804e-ff25-4acc-8712-7bcba964fbe1","workflowId":"y0n8oHJ71nRBReOI","executionId":"9"}}
{"__type":"$$EventMessageConfirm","confirm":"f532165a-75ba-40db-99a0-bccbd0685279","ts":"2025-07-11T14:05:23.641-04:00","source":{"id":"0","name":"eventBus"}}
{"__type":"$$EventMessageNode","id":"b0c46f4e-3063-4352-97fb-ce86ad72a1f0","ts":"2025-07-11T14:05:23.641-04:00","eventName":"n8n.node.finished","message":"n8n.node.finished","payload":{"workflowId":"y0n8oHJ71nRBReOI","workflowName":"My workflow","executionId":"9","nodeType":"n8n-nodes-base.code","nodeName":"Code","nodeId":"e312804e-ff25-4acc-8712-7bcba964fbe1"}}
{"__type":"$$EventMessageConfirm","confirm":"b0c46f4e-3063-4352-97fb-ce86ad72a1f0","ts":"2025-07-11T14:05:23.641-04:00","source":{"id":"0","name":"eventBus"}}
{"__type":"$$EventMessageWorkflow","id":"18bacee1-ffe9-4ed2-b437-c8c6df636103","ts":"2025-07-11T14:05:23.644-04:00","eventName":"n8n.workflow.success","message":"n8n.workflow.success","payload":{"userId":"6f367b87-0447-449a-9cf4-3134c041aaf8","executionId":"9","success":true,"isManual":true,"workflowId":"y0n8oHJ71nRBReOI","workflowName":"My workflow"}}
{"__type":"$$EventMessageConfirm","confirm":"18bacee1-ffe9-4ed2-b437-c8c6df636103","ts":"2025-07-11T14:05:23.645-04:00","source":{"id":"0","name":"eventBus"}}
{"__type":"$$EventMessageWorkflow","id":"e08a0000-ac2f-4e2b-8820-53c5cdd6c5c2","ts":"2025-07-11T14:06:41.726-04:00","eventName":"n8n.workflow.started","message":"n8n.workflow.started","payload":{"executionId":"10","workflowId":"y0n8oHJ71nRBReOI","isManual":false,"workflowName":"My workflow"}}
{"__type":"$$EventMessageConfirm","confirm":"e08a0000-ac2f-4e2b-8820-53c5cdd6c5c2","ts":"2025-07-11T14:06:41.727-04:00","source":{"id":"0","name":"eventBus"}}
{"__type":"$$EventMessageNode","id":"a2b8961a-4e54-4a8b-9e38-8395e47af94c","ts":"2025-07-11T14:06:41.727-04:00","eventName":"n8n.node.started","message":"n8n.node.started","payload":{"workflowId":"y0n8oHJ71nRBReOI","workflowName":"My workflow","executionId":"10","nodeType":"n8n-nodes-base.code","nodeName":"Code","nodeId":"e312804e-ff25-4acc-8712-7bcba964fbe1"}}
{"__type":"$$EventMessageConfirm","confirm":"a2b8961a-4e54-4a8b-9e38-8395e47af94c","ts":"2025-07-11T14:06:41.728-04:00","source":{"id":"0","name":"eventBus"}}
{"__type":"$$EventMessageRunner","id":"eee35039-1db9-4df4-8af4-ea42dc7c5484","ts":"2025-07-11T14:06:41.734-04:00","eventName":"n8n.runner.task.requested","message":"n8n.runner.task.requested","payload":{"taskId":"X3zUcNes","nodeId":"e312804e-ff25-4acc-8712-7bcba964fbe1","workflowId":"y0n8oHJ71nRBReOI","executionId":"10"}}
{"__type":"$$EventMessageConfirm","confirm":"eee35039-1db9-4df4-8af4-ea42dc7c5484","ts":"2025-07-11T14:06:41.734-04:00","source":{"id":"0","name":"eventBus"}}
{"__type":"$$EventMessageRunner","id":"ac3686a8-30ca-42a6-9ce0-79333e43793b","ts":"2025-07-11T14:06:41.746-04:00","eventName":"n8n.runner.response.received","message":"n8n.runner.response.received","payload":{"taskId":"X3zUcNes","nodeId":"e312804e-ff25-4acc-8712-7bcba964fbe1","workflowId":"y0n8oHJ71nRBReOI","executionId":"10"}}
{"__type":"$$EventMessageConfirm","confirm":"ac3686a8-30ca-42a6-9ce0-79333e43793b","ts":"2025-07-11T14:06:41.746-04:00","source":{"id":"0","name":"eventBus"}}
{"__type":"$$EventMessageNode","id":"1e99b817-f35a-4349-92bf-f4662fc3ed97","ts":"2025-07-11T14:06:41.746-04:00","eventName":"n8n.node.finished","message":"n8n.node.finished","payload":{"workflowId":"y0n8oHJ71nRBReOI","workflowName":"My workflow","executionId":"10","nodeType":"n8n-nodes-base.code","nodeName":"Code","nodeId":"e312804e-ff25-4acc-8712-7bcba964fbe1"}}
{"__type":"$$EventMessageConfirm","confirm":"1e99b817-f35a-4349-92bf-f4662fc3ed97","ts":"2025-07-11T14:06:41.746-04:00","source":{"id":"0","name":"eventBus"}}
{"__type":"$$EventMessageWorkflow","id":"eb512ceb-edf8-47de-a120-1d936235925c","ts":"2025-07-11T14:06:41.748-04:00","eventName":"n8n.workflow.success","message":"n8n.workflow.success","payload":{"userId":"6f367b87-0447-449a-9cf4-3134c041aaf8","executionId":"10","success":true,"isManual":true,"workflowId":"y0n8oHJ71nRBReOI","workflowName":"My workflow"}}
{"__type":"$$EventMessageConfirm","confirm":"eb512ceb-edf8-47de-a120-1d936235925c","ts":"2025-07-11T14:06:41.748-04:00","source":{"id":"0","name":"eventBus"}}
{"__type":"$$EventMessageAudit","id":"9e7f6394-c4b2-4548-a9b6-c1c15d78c96f","ts":"2025-07-11T14:09:25.546-04:00","eventName":"n8n.audit.user.credentials.created","message":"n8n.audit.user.credentials.created","payload":{"userId":"6f367b87-0447-449a-9cf4-3134c041aaf8","_email":"iigorrr526@gmail.com","_firstName":"Игорь","_lastName":"Тер-Погосян","globalRole":"global:owner","credentialType":"telegramApi","credentialId":"KIWD4N6KJjIdsYgV","publicApi":false,"projectId":"TwlgZQDCh615tTE4","projectType":"personal"}}
{"__type":"$$EventMessageConfirm","confirm":"9e7f6394-c4b2-4548-a9b6-c1c15d78c96f","ts":"2025-07-11T14:09:25.546-04:00","source":{"id":"0","name":"eventBus"}}
{"__type":"$$EventMessageAudit","id":"aeb6ee47-98fb-4662-9662-eda596807137","ts":"2025-07-11T14:10:40.619-04:00","eventName":"n8n.audit.user.credentials.created","message":"n8n.audit.user.credentials.created","payload":{"userId":"6f367b87-0447-449a-9cf4-3134c041aaf8","_email":"iigorrr526@gmail.com","_firstName":"Игорь","_lastName":"Тер-Погосян","globalRole":"global:owner","credentialType":"googleSheetsOAuth2Api","credentialId":"8zuKIbejsL6Feu7G","publicApi":false,"projectId":"TwlgZQDCh615tTE4","projectType":"personal"}}
{"__type":"$$EventMessageConfirm","confirm":"aeb6ee47-98fb-4662-9662-eda596807137","ts":"2025-07-11T14:10:40.619-04:00","source":{"id":"0","name":"eventBus"}}
{"__type":"$$EventMessageWorkflow","id":"17e63f24-500a-48da-9a23-6208060d563e","ts":"2025-07-11T14:11:27.882-04:00","eventName":"n8n.workflow.started","message":"n8n.workflow.started","payload":{"executionId":"11","workflowId":"y0n8oHJ71nRBReOI","isManual":false,"workflowName":"My workflow"}}
{"__type":"$$EventMessageConfirm","confirm":"17e63f24-500a-48da-9a23-6208060d563e","ts":"2025-07-11T14:11:27.883-04:00","source":{"id":"0","name":"eventBus"}}
{"__type":"$$EventMessageNode","id":"a2580ef4-5e3e-4114-9441-597b91670af6","ts":"2025-07-11T14:11:27.883-04:00","eventName":"n8n.node.started","message":"n8n.node.started","payload":{"workflowId":"y0n8oHJ71nRBReOI","workflowName":"My workflow","executionId":"11","nodeType":"n8n-nodes-base.filter","nodeName":"Оплаты","nodeId":"efcbcd9f-e186-4e0c-b0f1-2dbe5bb6943b"}}
{"__type":"$$EventMessageConfirm","confirm":"a2580ef4-5e3e-4114-9441-597b91670af6","ts":"2025-07-11T14:11:27.884-04:00","source":{"id":"0","name":"eventBus"}}
{"__type":"$$EventMessageNode","id":"c6224ac3-3084-42de-b79b-265cdd7faaea","ts":"2025-07-11T14:11:27.891-04:00","eventName":"n8n.node.finished","message":"n8n.node.finished","payload":{"workflowId":"y0n8oHJ71nRBReOI","workflowName":"My workflow","executionId":"11","nodeType":"n8n-nodes-base.filter","nodeName":"Оплаты","nodeId":"efcbcd9f-e186-4e0c-b0f1-2dbe5bb6943b"}}
{"__type":"$$EventMessageConfirm","confirm":"c6224ac3-3084-42de-b79b-265cdd7faaea","ts":"2025-07-11T14:11:27.891-04:00","source":{"id":"0","name":"eventBus"}}
{"__type":"$$EventMessageWorkflow","id":"05e1b4d3-54a6-4553-8344-cbdd3720e990","ts":"2025-07-11T14:11:27.896-04:00","eventName":"n8n.workflow.success","message":"n8n.workflow.success","payload":{"userId":"6f367b87-0447-449a-9cf4-3134c041aaf8","executionId":"11","success":true,"isManual":true,"workflowId":"y0n8oHJ71nRBReOI","workflowName":"My workflow"}}
{"__type":"$$EventMessageConfirm","confirm":"05e1b4d3-54a6-4553-8344-cbdd3720e990","ts":"2025-07-11T14:11:27.896-04:00","source":{"id":"0","name":"eventBus"}}
{"__type":"$$EventMessageWorkflow","id":"e9b91926-3dee-4a4a-a67a-b370332abcd2","ts":"2025-07-11T14:11:54.070-04:00","eventName":"n8n.workflow.started","message":"n8n.workflow.started","payload":{"executionId":"12","workflowId":"y0n8oHJ71nRBReOI","isManual":false,"workflowName":"My workflow"}}
{"__type":"$$EventMessageConfirm","confirm":"e9b91926-3dee-4a4a-a67a-b370332abcd2","ts":"2025-07-11T14:11:54.070-04:00","source":{"id":"0","name":"eventBus"}}
{"__type":"$$EventMessageNode","id":"60a52544-0a8e-400b-bb8c-b294e61b0352","ts":"2025-07-11T14:11:54.071-04:00","eventName":"n8n.node.started","message":"n8n.node.started","payload":{"workflowId":"y0n8oHJ71nRBReOI","workflowName":"My workflow","executionId":"12","nodeType":"n8n-nodes-base.googleSheets","nodeName":"Append row in sheet","nodeId":"32c5ac39-d387-4ce1-9cd2-f8fc9fbd6fbe"}}
{"__type":"$$EventMessageConfirm","confirm":"60a52544-0a8e-400b-bb8c-b294e61b0352","ts":"2025-07-11T14:11:54.071-04:00","source":{"id":"0","name":"eventBus"}}
{"__type":"$$EventMessageNode","id":"6f972182-acb3-4e0e-8975-44bddf50942c","ts":"2025-07-11T14:11:57.801-04:00","eventName":"n8n.node.finished","message":"n8n.node.finished","payload":{"workflowId":"y0n8oHJ71nRBReOI","workflowName":"My workflow","executionId":"12","nodeType":"n8n-nodes-base.googleSheets","nodeName":"Append row in sheet","nodeId":"32c5ac39-d387-4ce1-9cd2-f8fc9fbd6fbe"}}
{"__type":"$$EventMessageConfirm","confirm":"6f972182-acb3-4e0e-8975-44bddf50942c","ts":"2025-07-11T14:11:57.802-04:00","source":{"id":"0","name":"eventBus"}}
{"__type":"$$EventMessageWorkflow","id":"a907d379-c3ba-486c-abd9-fe75764dc6d7","ts":"2025-07-11T14:11:57.805-04:00","eventName":"n8n.workflow.success","message":"n8n.workflow.success","payload":{"userId":"6f367b87-0447-449a-9cf4-3134c041aaf8","executionId":"12","success":true,"isManual":true,"workflowId":"y0n8oHJ71nRBReOI","workflowName":"My workflow"}}
{"__type":"$$EventMessageConfirm","confirm":"a907d379-c3ba-486c-abd9-fe75764dc6d7","ts":"2025-07-11T14:11:57.806-04:00","source":{"id":"0","name":"eventBus"}}
{"__type":"$$EventMessageWorkflow","id":"3f4cbb8f-cd06-4fbd-859d-419a653f9414","ts":"2025-07-11T14:13:42.798-04:00","eventName":"n8n.workflow.started","message":"n8n.workflow.started","payload":{"executionId":"13","workflowId":"y0n8oHJ71nRBReOI","isManual":false,"workflowName":"My workflow"}}
{"__type":"$$EventMessageConfirm","confirm":"3f4cbb8f-cd06-4fbd-859d-419a653f9414","ts":"2025-07-11T14:13:42.798-04:00","source":{"id":"0","name":"eventBus"}}
{"__type":"$$EventMessageNode","id":"792ea052-19a8-41d9-b9ea-8b20bd3aefd1","ts":"2025-07-11T14:13:42.799-04:00","eventName":"n8n.node.started","message":"n8n.node.started","payload":{"workflowId":"y0n8oHJ71nRBReOI","workflowName":"My workflow","executionId":"13","nodeType":"n8n-nodes-base.httpRequest","nodeName":"HTTP Request1","nodeId":"b6a89651-3073-4ddd-8e44-dfa045989f87"}}
{"__type":"$$EventMessageConfirm","confirm":"792ea052-19a8-41d9-b9ea-8b20bd3aefd1","ts":"2025-07-11T14:13:42.799-04:00","source":{"id":"0","name":"eventBus"}}
{"__type":"$$EventMessageNode","id":"e080ded4-de05-47c3-a251-087ae4052838","ts":"2025-07-11T14:13:42.846-04:00","eventName":"n8n.node.finished","message":"n8n.node.finished","payload":{"workflowId":"y0n8oHJ71nRBReOI","workflowName":"My workflow","executionId":"13","nodeType":"n8n-nodes-base.httpRequest","nodeName":"HTTP Request1","nodeId":"b6a89651-3073-4ddd-8e44-dfa045989f87"}}
{"__type":"$$EventMessageConfirm","confirm":"e080ded4-de05-47c3-a251-087ae4052838","ts":"2025-07-11T14:13:42.847-04:00","source":{"id":"0","name":"eventBus"}}
{"__type":"$$EventMessageWorkflow","id":"5182c870-ddc5-4aa2-a056-f51170ffc1d2","ts":"2025-07-11T14:13:42.850-04:00","eventName":"n8n.workflow.failed","message":"n8n.workflow.failed","payload":{"userId":"6f367b87-0447-449a-9cf4-3134c041aaf8","executionId":"13","success":false,"isManual":true,"workflowId":"y0n8oHJ71nRBReOI","workflowName":"My workflow","lastNodeExecuted":"HTTP Request1","errorNodeType":"n8n-nodes-base.httpRequest","errorMessage":"Your request is invalid or could not be processed by the service"}}
{"__type":"$$EventMessageConfirm","confirm":"5182c870-ddc5-4aa2-a056-f51170ffc1d2","ts":"2025-07-11T14:13:42.851-04:00","source":{"id":"0","name":"eventBus"}}
{"__type":"$$EventMessageWorkflow","id":"27e53b27-b61b-4379-bb7b-79adf55448c5","ts":"2025-07-11T14:14:04.853-04:00","eventName":"n8n.workflow.started","message":"n8n.workflow.started","payload":{"executionId":"14","workflowId":"y0n8oHJ71nRBReOI","isManual":false,"workflowName":"My workflow"}}
{"__type":"$$EventMessageConfirm","confirm":"27e53b27-b61b-4379-bb7b-79adf55448c5","ts":"2025-07-11T14:14:04.853-04:00","source":{"id":"0","name":"eventBus"}}
{"__type":"$$EventMessageNode","id":"52b717c1-bf68-419f-8ecd-2318f6a41d8a","ts":"2025-07-11T14:14:04.854-04:00","eventName":"n8n.node.started","message":"n8n.node.started","payload":{"workflowId":"y0n8oHJ71nRBReOI","workflowName":"My workflow","executionId":"14","nodeType":"n8n-nodes-base.httpRequest","nodeName":"HTTP Request1","nodeId":"b6a89651-3073-4ddd-8e44-dfa045989f87"}}
{"__type":"$$EventMessageConfirm","confirm":"52b717c1-bf68-419f-8ecd-2318f6a41d8a","ts":"2025-07-11T14:14:04.855-04:00","source":{"id":"0","name":"eventBus"}}
{"__type":"$$EventMessageNode","id":"c9b095d1-20d3-4b85-807d-aad5c4b53da3","ts":"2025-07-11T14:14:04.871-04:00","eventName":"n8n.node.finished","message":"n8n.node.finished","payload":{"workflowId":"y0n8oHJ71nRBReOI","workflowName":"My workflow","executionId":"14","nodeType":"n8n-nodes-base.httpRequest","nodeName":"HTTP Request1","nodeId":"b6a89651-3073-4ddd-8e44-dfa045989f87"}}
{"__type":"$$EventMessageConfirm","confirm":"c9b095d1-20d3-4b85-807d-aad5c4b53da3","ts":"2025-07-11T14:14:04.872-04:00","source":{"id":"0","name":"eventBus"}}
{"__type":"$$EventMessageWorkflow","id":"dc3065bb-f45a-4af0-a6b7-b1397f2e1290","ts":"2025-07-11T14:14:04.880-04:00","eventName":"n8n.workflow.failed","message":"n8n.workflow.failed","payload":{"userId":"6f367b87-0447-449a-9cf4-3134c041aaf8","executionId":"14","success":false,"isManual":true,"workflowId":"y0n8oHJ71nRBReOI","workflowName":"My workflow","lastNodeExecuted":"HTTP Request1","errorNodeType":"n8n-nodes-base.httpRequest","errorMessage":"Your request is invalid or could not be processed by the service"}}
{"__type":"$$EventMessageConfirm","confirm":"dc3065bb-f45a-4af0-a6b7-b1397f2e1290","ts":"2025-07-11T14:14:04.881-04:00","source":{"id":"0","name":"eventBus"}}
{"__type":"$$EventMessageWorkflow","id":"aeb7a3b5-81b5-4673-87bb-27ca0febc48d","ts":"2025-07-11T14:15:04.183-04:00","eventName":"n8n.workflow.started","message":"n8n.workflow.started","payload":{"executionId":"15","workflowId":"y0n8oHJ71nRBReOI","isManual":false,"workflowName":"My workflow"}}
{"__type":"$$EventMessageConfirm","confirm":"aeb7a3b5-81b5-4673-87bb-27ca0febc48d","ts":"2025-07-11T14:15:04.183-04:00","source":{"id":"0","name":"eventBus"}}
{"__type":"$$EventMessageNode","id":"1d0087be-d73e-43a6-a039-b6021136f7a9","ts":"2025-07-11T14:15:04.184-04:00","eventName":"n8n.node.started","message":"n8n.node.started","payload":{"workflowId":"y0n8oHJ71nRBReOI","workflowName":"My workflow","executionId":"15","nodeType":"n8n-nodes-base.httpRequest","nodeName":"HTTP Request1","nodeId":"b6a89651-3073-4ddd-8e44-dfa045989f87"}}
{"__type":"$$EventMessageConfirm","confirm":"1d0087be-d73e-43a6-a039-b6021136f7a9","ts":"2025-07-11T14:15:04.184-04:00","source":{"id":"0","name":"eventBus"}}
{"__type":"$$EventMessageNode","id":"fa7fe02e-2a1d-40b9-b42a-338eb87a64af","ts":"2025-07-11T14:15:04.200-04:00","eventName":"n8n.node.finished","message":"n8n.node.finished","payload":{"workflowId":"y0n8oHJ71nRBReOI","workflowName":"My workflow","executionId":"15","nodeType":"n8n-nodes-base.httpRequest","nodeName":"HTTP Request1","nodeId":"b6a89651-3073-4ddd-8e44-dfa045989f87"}}
{"__type":"$$EventMessageConfirm","confirm":"fa7fe02e-2a1d-40b9-b42a-338eb87a64af","ts":"2025-07-11T14:15:04.200-04:00","source":{"id":"0","name":"eventBus"}}
{"__type":"$$EventMessageWorkflow","id":"0c0e1a27-a3bc-4991-b7fb-0c7357162bc6","ts":"2025-07-11T14:15:04.205-04:00","eventName":"n8n.workflow.failed","message":"n8n.workflow.failed","payload":{"userId":"6f367b87-0447-449a-9cf4-3134c041aaf8","executionId":"15","success":false,"isManual":true,"workflowId":"y0n8oHJ71nRBReOI","workflowName":"My workflow","lastNodeExecuted":"HTTP Request1","errorNodeType":"n8n-nodes-base.httpRequest","errorMessage":"Your request is invalid or could not be processed by the service"}}
{"__type":"$$EventMessageConfirm","confirm":"0c0e1a27-a3bc-4991-b7fb-0c7357162bc6","ts":"2025-07-11T14:15:04.205-04:00","source":{"id":"0","name":"eventBus"}}
{"__type":"$$EventMessageAudit","id":"84830726-6c2e-4c23-a47f-b487bde88e6f","ts":"2025-07-11T14:15:41.526-04:00","eventName":"n8n.audit.workflow.updated","message":"n8n.audit.workflow.updated","payload":{"userId":"6f367b87-0447-449a-9cf4-3134c041aaf8","_email":"iigorrr526@gmail.com","_firstName":"Игорь","_lastName":"Тер-Погосян","globalRole":"global:owner","workflowId":"y0n8oHJ71nRBReOI","workflowName":"My workflow"}}
{"__type":"$$EventMessageConfirm","confirm":"84830726-6c2e-4c23-a47f-b487bde88e6f","ts":"2025-07-11T14:15:41.527-04:00","source":{"id":"0","name":"eventBus"}}
{"__type":"$$EventMessageWorkflow","id":"b324ddb8-7bbb-47fb-a7cb-b0b165c54de5","ts":"2025-07-11T14:16:38.182-04:00","eventName":"n8n.workflow.started","message":"n8n.workflow.started","payload":{"executionId":"16","workflowId":"y0n8oHJ71nRBReOI","isManual":false,"workflowName":"My workflow"}}
{"__type":"$$EventMessageConfirm","confirm":"b324ddb8-7bbb-47fb-a7cb-b0b165c54de5","ts":"2025-07-11T14:16:38.182-04:00","source":{"id":"0","name":"eventBus"}}
{"__type":"$$EventMessageNode","id":"180c89aa-1107-4c54-a6e4-3bb47e5a9278","ts":"2025-07-11T14:16:38.183-04:00","eventName":"n8n.node.started","message":"n8n.node.started","payload":{"workflowId":"y0n8oHJ71nRBReOI","workflowName":"My workflow","executionId":"16","nodeType":"n8n-nodes-base.httpRequest","nodeName":"HTTP Request1","nodeId":"b6a89651-3073-4ddd-8e44-dfa045989f87"}}
{"__type":"$$EventMessageConfirm","confirm":"180c89aa-1107-4c54-a6e4-3bb47e5a9278","ts":"2025-07-11T14:16:38.183-04:00","source":{"id":"0","name":"eventBus"}}
{"__type":"$$EventMessageNode","id":"868fe080-3be9-4b37-9a66-91611fd1d597","ts":"2025-07-11T14:16:38.195-04:00","eventName":"n8n.node.finished","message":"n8n.node.finished","payload":{"workflowId":"y0n8oHJ71nRBReOI","workflowName":"My workflow","executionId":"16","nodeType":"n8n-nodes-base.httpRequest","nodeName":"HTTP Request1","nodeId":"b6a89651-3073-4ddd-8e44-dfa045989f87"}}
{"__type":"$$EventMessageConfirm","confirm":"868fe080-3be9-4b37-9a66-91611fd1d597","ts":"2025-07-11T14:16:38.195-04:00","source":{"id":"0","name":"eventBus"}}
{"__type":"$$EventMessageWorkflow","id":"ec41361c-567c-4009-9f5e-2e8db3a849af","ts":"2025-07-11T14:16:38.199-04:00","eventName":"n8n.workflow.failed","message":"n8n.workflow.failed","payload":{"userId":"6f367b87-0447-449a-9cf4-3134c041aaf8","executionId":"16","success":false,"isManual":true,"workflowId":"y0n8oHJ71nRBReOI","workflowName":"My workflow","lastNodeExecuted":"HTTP Request1","errorNodeType":"n8n-nodes-base.httpRequest","errorMessage":"Your request is invalid or could not be processed by the service"}}
{"__type":"$$EventMessageConfirm","confirm":"ec41361c-567c-4009-9f5e-2e8db3a849af","ts":"2025-07-11T14:16:38.199-04:00","source":{"id":"0","name":"eventBus"}}
{"__type":"$$EventMessageWorkflow","id":"830991d6-3e40-4c3d-b4c4-c3436947567e","ts":"2025-07-11T14:16:57.137-04:00","eventName":"n8n.workflow.started","message":"n8n.workflow.started","payload":{"executionId":"17","workflowId":"y0n8oHJ71nRBReOI","isManual":false,"workflowName":"My workflow"}}
{"__type":"$$EventMessageConfirm","confirm":"830991d6-3e40-4c3d-b4c4-c3436947567e","ts":"2025-07-11T14:16:57.137-04:00","source":{"id":"0","name":"eventBus"}}
{"__type":"$$EventMessageNode","id":"a02e4c60-c826-4676-8b22-60fcc9607ea3","ts":"2025-07-11T14:16:57.138-04:00","eventName":"n8n.node.started","message":"n8n.node.started","payload":{"workflowId":"y0n8oHJ71nRBReOI","workflowName":"My workflow","executionId":"17","nodeType":"n8n-nodes-base.httpRequest","nodeName":"HTTP Request1","nodeId":"b6a89651-3073-4ddd-8e44-dfa045989f87"}}
{"__type":"$$EventMessageConfirm","confirm":"a02e4c60-c826-4676-8b22-60fcc9607ea3","ts":"2025-07-11T14:16:57.138-04:00","source":{"id":"0","name":"eventBus"}}
{"__type":"$$EventMessageNode","id":"dc5f5a92-ba64-4913-99fa-05171a3778db","ts":"2025-07-11T14:16:57.155-04:00","eventName":"n8n.node.finished","message":"n8n.node.finished","payload":{"workflowId":"y0n8oHJ71nRBReOI","workflowName":"My workflow","executionId":"17","nodeType":"n8n-nodes-base.httpRequest","nodeName":"HTTP Request1","nodeId":"b6a89651-3073-4ddd-8e44-dfa045989f87"}}
{"__type":"$$EventMessageConfirm","confirm":"dc5f5a92-ba64-4913-99fa-05171a3778db","ts":"2025-07-11T14:16:57.155-04:00","source":{"id":"0","name":"eventBus"}}
{"__type":"$$EventMessageWorkflow","id":"20160523-4ba9-4ba8-a3dc-38901b64e6da","ts":"2025-07-11T14:16:57.158-04:00","eventName":"n8n.workflow.failed","message":"n8n.workflow.failed","payload":{"userId":"6f367b87-0447-449a-9cf4-3134c041aaf8","executionId":"17","success":false,"isManual":true,"workflowId":"y0n8oHJ71nRBReOI","workflowName":"My workflow","lastNodeExecuted":"HTTP Request1","errorNodeType":"n8n-nodes-base.httpRequest","errorMessage":"Your request is invalid or could not be processed by the service"}}
{"__type":"$$EventMessageConfirm","confirm":"20160523-4ba9-4ba8-a3dc-38901b64e6da","ts":"2025-07-11T14:16:57.158-04:00","source":{"id":"0","name":"eventBus"}}
{"__type":"$$EventMessageWorkflow","id":"255979c8-3338-4b53-b70f-bc65452b34a9","ts":"2025-07-11T14:17:20.477-04:00","eventName":"n8n.workflow.started","message":"n8n.workflow.started","payload":{"executionId":"18","workflowId":"y0n8oHJ71nRBReOI","isManual":false,"workflowName":"My workflow"}}
{"__type":"$$EventMessageConfirm","confirm":"255979c8-3338-4b53-b70f-bc65452b34a9","ts":"2025-07-11T14:17:20.477-04:00","source":{"id":"0","name":"eventBus"}}
{"__type":"$$EventMessageNode","id":"d4f0f0d9-9a38-471d-9cef-d19cef73c9e0","ts":"2025-07-11T14:17:20.478-04:00","eventName":"n8n.node.started","message":"n8n.node.started","payload":{"workflowId":"y0n8oHJ71nRBReOI","workflowName":"My workflow","executionId":"18","nodeType":"n8n-nodes-base.httpRequest","nodeName":"HTTP Request1","nodeId":"b6a89651-3073-4ddd-8e44-dfa045989f87"}}
{"__type":"$$EventMessageConfirm","confirm":"d4f0f0d9-9a38-471d-9cef-d19cef73c9e0","ts":"2025-07-11T14:17:20.478-04:00","source":{"id":"0","name":"eventBus"}}
{"__type":"$$EventMessageNode","id":"cdd3b484-a2e4-418b-9a91-7091f20e11dd","ts":"2025-07-11T14:17:20.531-04:00","eventName":"n8n.node.finished","message":"n8n.node.finished","payload":{"workflowId":"y0n8oHJ71nRBReOI","workflowName":"My workflow","executionId":"18","nodeType":"n8n-nodes-base.httpRequest","nodeName":"HTTP Request1","nodeId":"b6a89651-3073-4ddd-8e44-dfa045989f87"}}
{"__type":"$$EventMessageConfirm","confirm":"cdd3b484-a2e4-418b-9a91-7091f20e11dd","ts":"2025-07-11T14:17:20.531-04:00","source":{"id":"0","name":"eventBus"}}
{"__type":"$$EventMessageWorkflow","id":"7db6598f-173e-4da7-8084-233b9e7fc887","ts":"2025-07-11T14:17:20.534-04:00","eventName":"n8n.workflow.success","message":"n8n.workflow.success","payload":{"userId":"6f367b87-0447-449a-9cf4-3134c041aaf8","executionId":"18","success":true,"isManual":true,"workflowId":"y0n8oHJ71nRBReOI","workflowName":"My workflow"}}
{"__type":"$$EventMessageConfirm","confirm":"7db6598f-173e-4da7-8084-233b9e7fc887","ts":"2025-07-11T14:17:20.534-04:00","source":{"id":"0","name":"eventBus"}}
{"__type":"$$EventMessageWorkflow","id":"78c0efe7-96d7-4d1e-bcc2-cada75b4fd4b","ts":"2025-07-11T14:18:23.580-04:00","eventName":"n8n.workflow.started","message":"n8n.workflow.started","payload":{"executionId":"19","workflowId":"y0n8oHJ71nRBReOI","isManual":false,"workflowName":"My workflow"}}
{"__type":"$$EventMessageConfirm","confirm":"78c0efe7-96d7-4d1e-bcc2-cada75b4fd4b","ts":"2025-07-11T14:18:23.580-04:00","source":{"id":"0","name":"eventBus"}}
{"__type":"$$EventMessageNode","id":"c45c73e0-456a-41be-8e42-6d798e10eeca","ts":"2025-07-11T14:18:23.581-04:00","eventName":"n8n.node.started","message":"n8n.node.started","payload":{"workflowId":"y0n8oHJ71nRBReOI","workflowName":"My workflow","executionId":"19","nodeType":"n8n-nodes-base.filter","nodeName":"Технические","nodeId":"d0629b39-8699-41d2-8357-104e74661da1"}}
{"__type":"$$EventMessageConfirm","confirm":"c45c73e0-456a-41be-8e42-6d798e10eeca","ts":"2025-07-11T14:18:23.581-04:00","source":{"id":"0","name":"eventBus"}}
{"__type":"$$EventMessageNode","id":"97cf1b29-ce41-42d6-85f8-336c8d6c5f20","ts":"2025-07-11T14:18:23.584-04:00","eventName":"n8n.node.finished","message":"n8n.node.finished","payload":{"workflowId":"y0n8oHJ71nRBReOI","workflowName":"My workflow","executionId":"19","nodeType":"n8n-nodes-base.filter","nodeName":"Технические","nodeId":"d0629b39-8699-41d2-8357-104e74661da1"}}
{"__type":"$$EventMessageConfirm","confirm":"97cf1b29-ce41-42d6-85f8-336c8d6c5f20","ts":"2025-07-11T14:18:23.584-04:00","source":{"id":"0","name":"eventBus"}}
{"__type":"$$EventMessageWorkflow","id":"c328f062-866a-42fa-8b91-544d55bf211b","ts":"2025-07-11T14:18:23.587-04:00","eventName":"n8n.workflow.success","message":"n8n.workflow.success","payload":{"userId":"6f367b87-0447-449a-9cf4-3134c041aaf8","executionId":"19","success":true,"isManual":true,"workflowId":"y0n8oHJ71nRBReOI","workflowName":"My workflow"}}
{"__type":"$$EventMessageConfirm","confirm":"c328f062-866a-42fa-8b91-544d55bf211b","ts":"2025-07-11T14:18:23.587-04:00","source":{"id":"0","name":"eventBus"}}
{"__type":"$$EventMessageWorkflow","id":"d36be433-53cf-4e94-8024-7a84a7033217","ts":"2025-07-11T14:25:16.172-04:00","eventName":"n8n.workflow.started","message":"n8n.workflow.started","payload":{"executionId":"20","workflowId":"y0n8oHJ71nRBReOI","isManual":false,"workflowName":"My workflow"}}
{"__type":"$$EventMessageConfirm","confirm":"d36be433-53cf-4e94-8024-7a84a7033217","ts":"2025-07-11T14:25:16.172-04:00","source":{"id":"0","name":"eventBus"}}
{"__type":"$$EventMessageNode","id":"383a371b-efa7-45ba-b71f-62a9f0c726b8","ts":"2025-07-11T14:25:16.173-04:00","eventName":"n8n.node.started","message":"n8n.node.started","payload":{"workflowId":"y0n8oHJ71nRBReOI","workflowName":"My workflow","executionId":"20","nodeType":"n8n-nodes-base.httpRequest","nodeName":"HTTP Request","nodeId":"2c07a260-415d-43cf-88aa-4dd37a37b835"}}
{"__type":"$$EventMessageConfirm","confirm":"383a371b-efa7-45ba-b71f-62a9f0c726b8","ts":"2025-07-11T14:25:16.173-04:00","source":{"id":"0","name":"eventBus"}}
{"__type":"$$EventMessageNode","id":"00e8f9ba-56cd-40c6-ad63-043e77d7e8d9","ts":"2025-07-11T14:25:16.193-04:00","eventName":"n8n.node.finished","message":"n8n.node.finished","payload":{"workflowId":"y0n8oHJ71nRBReOI","workflowName":"My workflow","executionId":"20","nodeType":"n8n-nodes-base.httpRequest","nodeName":"HTTP Request","nodeId":"2c07a260-415d-43cf-88aa-4dd37a37b835"}}
{"__type":"$$EventMessageConfirm","confirm":"00e8f9ba-56cd-40c6-ad63-043e77d7e8d9","ts":"2025-07-11T14:25:16.193-04:00","source":{"id":"0","name":"eventBus"}}
{"__type":"$$EventMessageWorkflow","id":"e61084c8-0e69-4f16-82fc-61fc56d3c2bf","ts":"2025-07-11T14:25:16.196-04:00","eventName":"n8n.workflow.success","message":"n8n.workflow.success","payload":{"userId":"6f367b87-0447-449a-9cf4-3134c041aaf8","executionId":"20","success":true,"isManual":true,"workflowId":"y0n8oHJ71nRBReOI","workflowName":"My workflow"}}
{"__type":"$$EventMessageConfirm","confirm":"e61084c8-0e69-4f16-82fc-61fc56d3c2bf","ts":"2025-07-11T14:25:16.196-04:00","source":{"id":"0","name":"eventBus"}}
{"__type":"$$EventMessageWorkflow","id":"6d581237-d62e-496c-a3fe-c77d53babaa7","ts":"2025-07-11T14:25:34.131-04:00","eventName":"n8n.workflow.started","message":"n8n.workflow.started","payload":{"executionId":"21","workflowId":"y0n8oHJ71nRBReOI","isManual":false,"workflowName":"My workflow"}}
{"__type":"$$EventMessageConfirm","confirm":"6d581237-d62e-496c-a3fe-c77d53babaa7","ts":"2025-07-11T14:25:34.131-04:00","source":{"id":"0","name":"eventBus"}}
{"__type":"$$EventMessageNode","id":"800f41c6-df47-4a05-a102-9127176765ff","ts":"2025-07-11T14:25:34.133-04:00","eventName":"n8n.node.started","message":"n8n.node.started","payload":{"workflowId":"y0n8oHJ71nRBReOI","workflowName":"My workflow","executionId":"21","nodeType":"n8n-nodes-base.code","nodeName":"Code","nodeId":"e312804e-ff25-4acc-8712-7bcba964fbe1"}}
{"__type":"$$EventMessageConfirm","confirm":"800f41c6-df47-4a05-a102-9127176765ff","ts":"2025-07-11T14:25:34.133-04:00","source":{"id":"0","name":"eventBus"}}
{"__type":"$$EventMessageRunner","id":"e073bf9a-a97a-4aed-8eff-42dc8a96882f","ts":"2025-07-11T14:25:34.138-04:00","eventName":"n8n.runner.task.requested","message":"n8n.runner.task.requested","payload":{"taskId":"IysMn_-N","nodeId":"e312804e-ff25-4acc-8712-7bcba964fbe1","workflowId":"y0n8oHJ71nRBReOI","executionId":"21"}}
{"__type":"$$EventMessageConfirm","confirm":"e073bf9a-a97a-4aed-8eff-42dc8a96882f","ts":"2025-07-11T14:25:34.138-04:00","source":{"id":"0","name":"eventBus"}}
{"__type":"$$EventMessageRunner","id":"e24490d4-3a55-4c8e-8b1f-bfda2ef517d2","ts":"2025-07-11T14:25:34.199-04:00","eventName":"n8n.runner.response.received","message":"n8n.runner.response.received","payload":{"taskId":"IysMn_-N","nodeId":"e312804e-ff25-4acc-8712-7bcba964fbe1","workflowId":"y0n8oHJ71nRBReOI","executionId":"21"}}
{"__type":"$$EventMessageConfirm","confirm":"e24490d4-3a55-4c8e-8b1f-bfda2ef517d2","ts":"2025-07-11T14:25:34.199-04:00","source":{"id":"0","name":"eventBus"}}
{"__type":"$$EventMessageNode","id":"88b80237-30d2-47ff-9ef8-9a1539fa4584","ts":"2025-07-11T14:25:34.201-04:00","eventName":"n8n.node.finished","message":"n8n.node.finished","payload":{"workflowId":"y0n8oHJ71nRBReOI","workflowName":"My workflow","executionId":"21","nodeType":"n8n-nodes-base.code","nodeName":"Code","nodeId":"e312804e-ff25-4acc-8712-7bcba964fbe1"}}
{"__type":"$$EventMessageConfirm","confirm":"88b80237-30d2-47ff-9ef8-9a1539fa4584","ts":"2025-07-11T14:25:34.201-04:00","source":{"id":"0","name":"eventBus"}}
{"__type":"$$EventMessageNode","id":"e3a0cafe-0c09-4d23-a000-0ab01473a10a","ts":"2025-07-11T14:25:34.201-04:00","eventName":"n8n.node.started","message":"n8n.node.started","payload":{"workflowId":"y0n8oHJ71nRBReOI","workflowName":"My workflow","executionId":"21","nodeType":"n8n-nodes-base.filter","nodeName":"Технические","nodeId":"d0629b39-8699-41d2-8357-104e74661da1"}}
{"__type":"$$EventMessageConfirm","confirm":"e3a0cafe-0c09-4d23-a000-0ab01473a10a","ts":"2025-07-11T14:25:34.201-04:00","source":{"id":"0","name":"eventBus"}}
{"__type":"$$EventMessageNode","id":"a0c63d73-8b6f-4839-8076-f8921e683272","ts":"2025-07-11T14:25:34.218-04:00","eventName":"n8n.node.finished","message":"n8n.node.finished","payload":{"workflowId":"y0n8oHJ71nRBReOI","workflowName":"My workflow","executionId":"21","nodeType":"n8n-nodes-base.filter","nodeName":"Технические","nodeId":"d0629b39-8699-41d2-8357-104e74661da1"}}
{"__type":"$$EventMessageConfirm","confirm":"a0c63d73-8b6f-4839-8076-f8921e683272","ts":"2025-07-11T14:25:34.218-04:00","source":{"id":"0","name":"eventBus"}}
{"__type":"$$EventMessageWorkflow","id":"b3eab9f7-496d-4864-9b96-74d2c63f4b69","ts":"2025-07-11T14:25:34.222-04:00","eventName":"n8n.workflow.success","message":"n8n.workflow.success","payload":{"userId":"6f367b87-0447-449a-9cf4-3134c041aaf8","executionId":"21","success":true,"isManual":true,"workflowId":"y0n8oHJ71nRBReOI","workflowName":"My workflow"}}
{"__type":"$$EventMessageConfirm","confirm":"b3eab9f7-496d-4864-9b96-74d2c63f4b69","ts":"2025-07-11T14:25:34.224-04:00","source":{"id":"0","name":"eventBus"}}
{"__type":"$$EventMessageWorkflow","id":"047c70a4-526c-4613-98bd-eee5366e5077","ts":"2025-07-11T14:26:29.227-04:00","eventName":"n8n.workflow.started","message":"n8n.workflow.started","payload":{"executionId":"22","workflowId":"y0n8oHJ71nRBReOI","isManual":false,"workflowName":"My workflow"}}
{"__type":"$$EventMessageConfirm","confirm":"047c70a4-526c-4613-98bd-eee5366e5077","ts":"2025-07-11T14:26:29.228-04:00","source":{"id":"0","name":"eventBus"}}
{"__type":"$$EventMessageNode","id":"b91e9616-5fc9-40b9-a8c9-9a0977f9bff8","ts":"2025-07-11T14:26:29.232-04:00","eventName":"n8n.node.started","message":"n8n.node.started","payload":{"workflowId":"y0n8oHJ71nRBReOI","workflowName":"My workflow","executionId":"22","nodeType":"n8n-nodes-base.telegram","nodeName":"Send a text message","nodeId":"5eade9c7-45ea-405d-9d65-d33b15230737"}}
{"__type":"$$EventMessageConfirm","confirm":"b91e9616-5fc9-40b9-a8c9-9a0977f9bff8","ts":"2025-07-11T14:26:29.232-04:00","source":{"id":"0","name":"eventBus"}}
{"__type":"$$EventMessageNode","id":"eaf570b8-adc0-4162-a5eb-87ab8bb2f49d","ts":"2025-07-11T14:26:32.592-04:00","eventName":"n8n.node.finished","message":"n8n.node.finished","payload":{"workflowId":"y0n8oHJ71nRBReOI","workflowName":"My workflow","executionId":"22","nodeType":"n8n-nodes-base.telegram","nodeName":"Send a text message","nodeId":"5eade9c7-45ea-405d-9d65-d33b15230737"}}
{"__type":"$$EventMessageConfirm","confirm":"eaf570b8-adc0-4162-a5eb-87ab8bb2f49d","ts":"2025-07-11T14:26:32.592-04:00","source":{"id":"0","name":"eventBus"}}
{"__type":"$$EventMessageWorkflow","id":"127b0fb6-01de-4326-b038-5d5c99213c9c","ts":"2025-07-11T14:26:32.597-04:00","eventName":"n8n.workflow.success","message":"n8n.workflow.success","payload":{"userId":"6f367b87-0447-449a-9cf4-3134c041aaf8","executionId":"22","success":true,"isManual":true,"workflowId":"y0n8oHJ71nRBReOI","workflowName":"My workflow"}}
{"__type":"$$EventMessageConfirm","confirm":"127b0fb6-01de-4326-b038-5d5c99213c9c","ts":"2025-07-11T14:26:32.597-04:00","source":{"id":"0","name":"eventBus"}}
{"__type":"$$EventMessageWorkflow","id":"0ee9e532-9db6-4656-ba13-151c27642773","ts":"2025-07-11T14:27:46.939-04:00","eventName":"n8n.workflow.started","message":"n8n.workflow.started","payload":{"executionId":"23","workflowId":"y0n8oHJ71nRBReOI","isManual":false,"workflowName":"My workflow"}}
{"__type":"$$EventMessageConfirm","confirm":"0ee9e532-9db6-4656-ba13-151c27642773","ts":"2025-07-11T14:27:46.939-04:00","source":{"id":"0","name":"eventBus"}}
{"__type":"$$EventMessageNode","id":"6924f24b-b488-4a0b-bba9-02262f570ec3","ts":"2025-07-11T14:27:46.940-04:00","eventName":"n8n.node.started","message":"n8n.node.started","payload":{"workflowId":"y0n8oHJ71nRBReOI","workflowName":"My workflow","executionId":"23","nodeType":"n8n-nodes-base.scheduleTrigger","nodeName":"Schedule Trigger","nodeId":"10442463-6c63-4d19-88ec-12a7a5ef505b"}}
{"__type":"$$EventMessageConfirm","confirm":"6924f24b-b488-4a0b-bba9-02262f570ec3","ts":"2025-07-11T14:27:46.940-04:00","source":{"id":"0","name":"eventBus"}}
{"__type":"$$EventMessageNode","id":"2fd449c9-1651-4b2d-b1b6-1cb48494ff19","ts":"2025-07-11T14:27:46.948-04:00","eventName":"n8n.node.finished","message":"n8n.node.finished","payload":{"workflowId":"y0n8oHJ71nRBReOI","workflowName":"My workflow","executionId":"23","nodeType":"n8n-nodes-base.scheduleTrigger","nodeName":"Schedule Trigger","nodeId":"10442463-6c63-4d19-88ec-12a7a5ef505b"}}
{"__type":"$$EventMessageConfirm","confirm":"2fd449c9-1651-4b2d-b1b6-1cb48494ff19","ts":"2025-07-11T14:27:46.948-04:00","source":{"id":"0","name":"eventBus"}}
{"__type":"$$EventMessageNode","id":"41ca4dc5-ccd3-4f6c-84fb-233dcefd31f1","ts":"2025-07-11T14:27:46.949-04:00","eventName":"n8n.node.started","message":"n8n.node.started","payload":{"workflowId":"y0n8oHJ71nRBReOI","workflowName":"My workflow","executionId":"23","nodeType":"n8n-nodes-base.httpRequest","nodeName":"HTTP Request","nodeId":"2c07a260-415d-43cf-88aa-4dd37a37b835"}}
{"__type":"$$EventMessageConfirm","confirm":"41ca4dc5-ccd3-4f6c-84fb-233dcefd31f1","ts":"2025-07-11T14:27:46.949-04:00","source":{"id":"0","name":"eventBus"}}
{"__type":"$$EventMessageNode","id":"ded56b9c-679d-4277-b6ef-c383bf720af9","ts":"2025-07-11T14:27:46.969-04:00","eventName":"n8n.node.finished","message":"n8n.node.finished","payload":{"workflowId":"y0n8oHJ71nRBReOI","workflowName":"My workflow","executionId":"23","nodeType":"n8n-nodes-base.httpRequest","nodeName":"HTTP Request","nodeId":"2c07a260-415d-43cf-88aa-4dd37a37b835"}}
{"__type":"$$EventMessageConfirm","confirm":"ded56b9c-679d-4277-b6ef-c383bf720af9","ts":"2025-07-11T14:27:46.970-04:00","source":{"id":"0","name":"eventBus"}}
{"__type":"$$EventMessageNode","id":"3bfca78c-7490-4fb0-91c4-7b933e07475f","ts":"2025-07-11T14:27:46.970-04:00","eventName":"n8n.node.started","message":"n8n.node.started","payload":{"workflowId":"y0n8oHJ71nRBReOI","workflowName":"My workflow","executionId":"23","nodeType":"n8n-nodes-base.code","nodeName":"Code","nodeId":"e312804e-ff25-4acc-8712-7bcba964fbe1"}}
{"__type":"$$EventMessageConfirm","confirm":"3bfca78c-7490-4fb0-91c4-7b933e07475f","ts":"2025-07-11T14:27:46.970-04:00","source":{"id":"0","name":"eventBus"}}
{"__type":"$$EventMessageRunner","id":"031bd1fa-8c44-413f-9bec-5c5b82e0f1b5","ts":"2025-07-11T14:27:46.973-04:00","eventName":"n8n.runner.task.requested","message":"n8n.runner.task.requested","payload":{"taskId":"FPJn8oGZ","nodeId":"e312804e-ff25-4acc-8712-7bcba964fbe1","workflowId":"y0n8oHJ71nRBReOI","executionId":"23"}}
{"__type":"$$EventMessageConfirm","confirm":"031bd1fa-8c44-413f-9bec-5c5b82e0f1b5","ts":"2025-07-11T14:27:46.973-04:00","source":{"id":"0","name":"eventBus"}}
{"__type":"$$EventMessageRunner","id":"bc2d1da2-cc21-4799-b427-66a7ff4b9bc7","ts":"2025-07-11T14:27:47.021-04:00","eventName":"n8n.runner.response.received","message":"n8n.runner.response.received","payload":{"taskId":"FPJn8oGZ","nodeId":"e312804e-ff25-4acc-8712-7bcba964fbe1","workflowId":"y0n8oHJ71nRBReOI","executionId":"23"}}
{"__type":"$$EventMessageConfirm","confirm":"bc2d1da2-cc21-4799-b427-66a7ff4b9bc7","ts":"2025-07-11T14:27:47.021-04:00","source":{"id":"0","name":"eventBus"}}
{"__type":"$$EventMessageNode","id":"159cb16e-d9a8-4328-a3ce-8779e96be98d","ts":"2025-07-11T14:27:47.022-04:00","eventName":"n8n.node.finished","message":"n8n.node.finished","payload":{"workflowId":"y0n8oHJ71nRBReOI","workflowName":"My workflow","executionId":"23","nodeType":"n8n-nodes-base.code","nodeName":"Code","nodeId":"e312804e-ff25-4acc-8712-7bcba964fbe1"}}
{"__type":"$$EventMessageConfirm","confirm":"159cb16e-d9a8-4328-a3ce-8779e96be98d","ts":"2025-07-11T14:27:47.022-04:00","source":{"id":"0","name":"eventBus"}}
{"__type":"$$EventMessageNode","id":"ae50d5ef-b3f0-4365-a529-3afd987ba707","ts":"2025-07-11T14:27:47.022-04:00","eventName":"n8n.node.started","message":"n8n.node.started","payload":{"workflowId":"y0n8oHJ71nRBReOI","workflowName":"My workflow","executionId":"23","nodeType":"n8n-nodes-base.filter","nodeName":"Технические","nodeId":"d0629b39-8699-41d2-8357-104e74661da1"}}
{"__type":"$$EventMessageConfirm","confirm":"ae50d5ef-b3f0-4365-a529-3afd987ba707","ts":"2025-07-11T14:27:47.022-04:00","source":{"id":"0","name":"eventBus"}}
{"__type":"$$EventMessageNode","id":"229a606a-80f9-4fcc-a8f2-118b81cf810f","ts":"2025-07-11T14:27:47.042-04:00","eventName":"n8n.node.finished","message":"n8n.node.finished","payload":{"workflowId":"y0n8oHJ71nRBReOI","workflowName":"My workflow","executionId":"23","nodeType":"n8n-nodes-base.filter","nodeName":"Технические","nodeId":"d0629b39-8699-41d2-8357-104e74661da1"}}
{"__type":"$$EventMessageConfirm","confirm":"229a606a-80f9-4fcc-a8f2-118b81cf810f","ts":"2025-07-11T14:27:47.042-04:00","source":{"id":"0","name":"eventBus"}}
{"__type":"$$EventMessageNode","id":"8f6a55f6-73ee-4983-a731-9f95a067963a","ts":"2025-07-11T14:27:47.043-04:00","eventName":"n8n.node.started","message":"n8n.node.started","payload":{"workflowId":"y0n8oHJ71nRBReOI","workflowName":"My workflow","executionId":"23","nodeType":"n8n-nodes-base.telegram","nodeName":"Send a text message","nodeId":"5eade9c7-45ea-405d-9d65-d33b15230737"}}
{"__type":"$$EventMessageConfirm","confirm":"8f6a55f6-73ee-4983-a731-9f95a067963a","ts":"2025-07-11T14:27:47.043-04:00","source":{"id":"0","name":"eventBus"}}
{"__type":"$$EventMessageNode","id":"71049996-51cc-4aa4-8dfe-a7766ab86a72","ts":"2025-07-11T14:27:50.488-04:00","eventName":"n8n.node.finished","message":"n8n.node.finished","payload":{"workflowId":"y0n8oHJ71nRBReOI","workflowName":"My workflow","executionId":"23","nodeType":"n8n-nodes-base.telegram","nodeName":"Send a text message","nodeId":"5eade9c7-45ea-405d-9d65-d33b15230737"}}
{"__type":"$$EventMessageConfirm","confirm":"71049996-51cc-4aa4-8dfe-a7766ab86a72","ts":"2025-07-11T14:27:50.488-04:00","source":{"id":"0","name":"eventBus"}}
{"__type":"$$EventMessageNode","id":"37e2f991-5934-4d15-879b-3621f422a9da","ts":"2025-07-11T14:27:50.489-04:00","eventName":"n8n.node.started","message":"n8n.node.started","payload":{"workflowId":"y0n8oHJ71nRBReOI","workflowName":"My workflow","executionId":"23","nodeType":"n8n-nodes-base.httpRequest","nodeName":"Закрытие жалобы","nodeId":"c785b661-dfbc-483f-8fb3-36a9fc478f40"}}
{"__type":"$$EventMessageConfirm","confirm":"37e2f991-5934-4d15-879b-3621f422a9da","ts":"2025-07-11T14:27:50.489-04:00","source":{"id":"0","name":"eventBus"}}
{"__type":"$$EventMessageNode","id":"0b1e9479-2ee3-4b70-a9ff-e08bcfc0dcc4","ts":"2025-07-11T14:27:51.791-04:00","eventName":"n8n.node.finished","message":"n8n.node.finished","payload":{"workflowId":"y0n8oHJ71nRBReOI","workflowName":"My workflow","executionId":"23","nodeType":"n8n-nodes-base.httpRequest","nodeName":"Закрытие жалобы","nodeId":"c785b661-dfbc-483f-8fb3-36a9fc478f40"}}
{"__type":"$$EventMessageConfirm","confirm":"0b1e9479-2ee3-4b70-a9ff-e08bcfc0dcc4","ts":"2025-07-11T14:27:51.791-04:00","source":{"id":"0","name":"eventBus"}}
{"__type":"$$EventMessageNode","id":"db52154e-699d-4d94-84ae-4f067a1b4a7a","ts":"2025-07-11T14:27:51.792-04:00","eventName":"n8n.node.started","message":"n8n.node.started","payload":{"workflowId":"y0n8oHJ71nRBReOI","workflowName":"My workflow","executionId":"23","nodeType":"n8n-nodes-base.filter","nodeName":"Оплаты","nodeId":"efcbcd9f-e186-4e0c-b0f1-2dbe5bb6943b"}}
{"__type":"$$EventMessageConfirm","confirm":"db52154e-699d-4d94-84ae-4f067a1b4a7a","ts":"2025-07-11T14:27:51.792-04:00","source":{"id":"0","name":"eventBus"}}
{"__type":"$$EventMessageNode","id":"e61ba671-7b55-425b-995f-51e8e83edbf3","ts":"2025-07-11T14:27:51.816-04:00","eventName":"n8n.node.finished","message":"n8n.node.finished","payload":{"workflowId":"y0n8oHJ71nRBReOI","workflowName":"My workflow","executionId":"23","nodeType":"n8n-nodes-base.filter","nodeName":"Оплаты","nodeId":"efcbcd9f-e186-4e0c-b0f1-2dbe5bb6943b"}}
{"__type":"$$EventMessageConfirm","confirm":"e61ba671-7b55-425b-995f-51e8e83edbf3","ts":"2025-07-11T14:27:51.817-04:00","source":{"id":"0","name":"eventBus"}}
{"__type":"$$EventMessageNode","id":"7efbf0a8-c633-4f7d-a229-bd874ae6dd54","ts":"2025-07-11T14:27:51.818-04:00","eventName":"n8n.node.started","message":"n8n.node.started","payload":{"workflowId":"y0n8oHJ71nRBReOI","workflowName":"My workflow","executionId":"23","nodeType":"n8n-nodes-base.googleSheets","nodeName":"Append row in sheet","nodeId":"32c5ac39-d387-4ce1-9cd2-f8fc9fbd6fbe"}}
{"__type":"$$EventMessageConfirm","confirm":"7efbf0a8-c633-4f7d-a229-bd874ae6dd54","ts":"2025-07-11T14:27:51.818-04:00","source":{"id":"0","name":"eventBus"}}
{"__type":"$$EventMessageNode","id":"17f82f2c-2e83-44bb-a00c-e3ad56c6cde3","ts":"2025-07-11T14:27:55.326-04:00","eventName":"n8n.node.finished","message":"n8n.node.finished","payload":{"workflowId":"y0n8oHJ71nRBReOI","workflowName":"My workflow","executionId":"23","nodeType":"n8n-nodes-base.googleSheets","nodeName":"Append row in sheet","nodeId":"32c5ac39-d387-4ce1-9cd2-f8fc9fbd6fbe"}}
{"__type":"$$EventMessageConfirm","confirm":"17f82f2c-2e83-44bb-a00c-e3ad56c6cde3","ts":"2025-07-11T14:27:55.326-04:00","source":{"id":"0","name":"eventBus"}}
{"__type":"$$EventMessageNode","id":"458b72b3-c2bc-43a1-81f0-8ff30e4d7e2b","ts":"2025-07-11T14:27:55.327-04:00","eventName":"n8n.node.started","message":"n8n.node.started","payload":{"workflowId":"y0n8oHJ71nRBReOI","workflowName":"My workflow","executionId":"23","nodeType":"n8n-nodes-base.httpRequest","nodeName":"Закрытие жалобы1","nodeId":"b6a89651-3073-4ddd-8e44-dfa045989f87"}}
{"__type":"$$EventMessageConfirm","confirm":"458b72b3-c2bc-43a1-81f0-8ff30e4d7e2b","ts":"2025-07-11T14:27:55.327-04:00","source":{"id":"0","name":"eventBus"}}
{"__type":"$$EventMessageNode","id":"6054fe8d-a2a3-4772-aa45-b63fe42e2466","ts":"2025-07-11T14:27:56.363-04:00","eventName":"n8n.node.finished","message":"n8n.node.finished","payload":{"workflowId":"y0n8oHJ71nRBReOI","workflowName":"My workflow","executionId":"23","nodeType":"n8n-nodes-base.httpRequest","nodeName":"Закрытие жалобы1","nodeId":"b6a89651-3073-4ddd-8e44-dfa045989f87"}}
{"__type":"$$EventMessageConfirm","confirm":"6054fe8d-a2a3-4772-aa45-b63fe42e2466","ts":"2025-07-11T14:27:56.363-04:00","source":{"id":"0","name":"eventBus"}}
{"__type":"$$EventMessageWorkflow","id":"a8abed49-7135-4375-ba39-000dad7f3be4","ts":"2025-07-11T14:27:56.368-04:00","eventName":"n8n.workflow.success","message":"n8n.workflow.success","payload":{"userId":"6f367b87-0447-449a-9cf4-3134c041aaf8","executionId":"23","success":true,"isManual":true,"workflowId":"y0n8oHJ71nRBReOI","workflowName":"My workflow"}}
{"__type":"$$EventMessageConfirm","confirm":"a8abed49-7135-4375-ba39-000dad7f3be4","ts":"2025-07-11T14:27:56.368-04:00","source":{"id":"0","name":"eventBus"}}
{"__type":"$$EventMessageAudit","id":"25fc743c-1e61-4bcc-bbd5-2062be11f9af","ts":"2025-07-11T14:53:03.890-04:00","eventName":"n8n.audit.workflow.updated","message":"n8n.audit.workflow.updated","payload":{"userId":"6f367b87-0447-449a-9cf4-3134c041aaf8","_email":"iigorrr526@gmail.com","_firstName":"Игорь","_lastName":"Тер-Погосян","globalRole":"global:owner","workflowId":"y0n8oHJ71nRBReOI","workflowName":"My workflow"}}
{"__type":"$$EventMessageConfirm","confirm":"25fc743c-1e61-4bcc-bbd5-2062be11f9af","ts":"2025-07-11T14:53:03.892-04:00","source":{"id":"0","name":"eventBus"}}
{"__type":"$$EventMessageWorkflow","id":"e364b26f-24fd-4c3e-844b-b287dc8711a8","ts":"2025-07-11T14:55:11.617-04:00","eventName":"n8n.workflow.started","message":"n8n.workflow.started","payload":{"executionId":"24","workflowId":"y0n8oHJ71nRBReOI","isManual":false,"workflowName":"My workflow"}}
{"__type":"$$EventMessageConfirm","confirm":"e364b26f-24fd-4c3e-844b-b287dc8711a8","ts":"2025-07-11T14:55:11.617-04:00","source":{"id":"0","name":"eventBus"}}
{"__type":"$$EventMessageNode","id":"51512b6d-0733-465b-952a-72a2bfe5539d","ts":"2025-07-11T14:55:11.619-04:00","eventName":"n8n.node.started","message":"n8n.node.started","payload":{"workflowId":"y0n8oHJ71nRBReOI","workflowName":"My workflow","executionId":"24","nodeType":"n8n-nodes-base.scheduleTrigger","nodeName":"Schedule Trigger","nodeId":"10442463-6c63-4d19-88ec-12a7a5ef505b"}}
{"__type":"$$EventMessageConfirm","confirm":"51512b6d-0733-465b-952a-72a2bfe5539d","ts":"2025-07-11T14:55:11.619-04:00","source":{"id":"0","name":"eventBus"}}
{"__type":"$$EventMessageNode","id":"2da919e5-fee4-4841-b578-2172ab8b9cfe","ts":"2025-07-11T14:55:11.629-04:00","eventName":"n8n.node.finished","message":"n8n.node.finished","payload":{"workflowId":"y0n8oHJ71nRBReOI","workflowName":"My workflow","executionId":"24","nodeType":"n8n-nodes-base.scheduleTrigger","nodeName":"Schedule Trigger","nodeId":"10442463-6c63-4d19-88ec-12a7a5ef505b"}}
{"__type":"$$EventMessageConfirm","confirm":"2da919e5-fee4-4841-b578-2172ab8b9cfe","ts":"2025-07-11T14:55:11.630-04:00","source":{"id":"0","name":"eventBus"}}
{"__type":"$$EventMessageNode","id":"0afd8ab3-6658-4424-9bcb-527e22a202c0","ts":"2025-07-11T14:55:11.630-04:00","eventName":"n8n.node.started","message":"n8n.node.started","payload":{"workflowId":"y0n8oHJ71nRBReOI","workflowName":"My workflow","executionId":"24","nodeType":"n8n-nodes-base.httpRequest","nodeName":"HTTP Request","nodeId":"2c07a260-415d-43cf-88aa-4dd37a37b835"}}
{"__type":"$$EventMessageConfirm","confirm":"0afd8ab3-6658-4424-9bcb-527e22a202c0","ts":"2025-07-11T14:55:11.631-04:00","source":{"id":"0","name":"eventBus"}}
{"__type":"$$EventMessageNode","id":"c4d2a22d-4097-4319-8c14-73405bf5e976","ts":"2025-07-11T14:55:11.687-04:00","eventName":"n8n.node.finished","message":"n8n.node.finished","payload":{"workflowId":"y0n8oHJ71nRBReOI","workflowName":"My workflow","executionId":"24","nodeType":"n8n-nodes-base.httpRequest","nodeName":"HTTP Request","nodeId":"2c07a260-415d-43cf-88aa-4dd37a37b835"}}
{"__type":"$$EventMessageConfirm","confirm":"c4d2a22d-4097-4319-8c14-73405bf5e976","ts":"2025-07-11T14:55:11.687-04:00","source":{"id":"0","name":"eventBus"}}
{"__type":"$$EventMessageNode","id":"e107e56d-a2b6-49df-8194-76f3a8b5840c","ts":"2025-07-11T14:55:11.688-04:00","eventName":"n8n.node.started","message":"n8n.node.started","payload":{"workflowId":"y0n8oHJ71nRBReOI","workflowName":"My workflow","executionId":"24","nodeType":"n8n-nodes-base.code","nodeName":"Code","nodeId":"e312804e-ff25-4acc-8712-7bcba964fbe1"}}
{"__type":"$$EventMessageConfirm","confirm":"e107e56d-a2b6-49df-8194-76f3a8b5840c","ts":"2025-07-11T14:55:11.688-04:00","source":{"id":"0","name":"eventBus"}}
{"__type":"$$EventMessageRunner","id":"89c0787f-7994-4eab-99b0-a72f00fe58f8","ts":"2025-07-11T14:55:11.700-04:00","eventName":"n8n.runner.task.requested","message":"n8n.runner.task.requested","payload":{"taskId":"PD60-Lsy","nodeId":"e312804e-ff25-4acc-8712-7bcba964fbe1","workflowId":"y0n8oHJ71nRBReOI","executionId":"24"}}
{"__type":"$$EventMessageConfirm","confirm":"89c0787f-7994-4eab-99b0-a72f00fe58f8","ts":"2025-07-11T14:55:11.700-04:00","source":{"id":"0","name":"eventBus"}}
{"__type":"$$EventMessageRunner","id":"f664d74a-a0a5-4469-b625-318b7682dfec","ts":"2025-07-11T14:55:11.797-04:00","eventName":"n8n.runner.response.received","message":"n8n.runner.response.received","payload":{"taskId":"PD60-Lsy","nodeId":"e312804e-ff25-4acc-8712-7bcba964fbe1","workflowId":"y0n8oHJ71nRBReOI","executionId":"24"}}
{"__type":"$$EventMessageConfirm","confirm":"f664d74a-a0a5-4469-b625-318b7682dfec","ts":"2025-07-11T14:55:11.797-04:00","source":{"id":"0","name":"eventBus"}}
{"__type":"$$EventMessageNode","id":"eaf04665-a938-4e13-a09f-a00cf23825b7","ts":"2025-07-11T14:55:11.798-04:00","eventName":"n8n.node.finished","message":"n8n.node.finished","payload":{"workflowId":"y0n8oHJ71nRBReOI","workflowName":"My workflow","executionId":"24","nodeType":"n8n-nodes-base.code","nodeName":"Code","nodeId":"e312804e-ff25-4acc-8712-7bcba964fbe1"}}
{"__type":"$$EventMessageConfirm","confirm":"eaf04665-a938-4e13-a09f-a00cf23825b7","ts":"2025-07-11T14:55:11.798-04:00","source":{"id":"0","name":"eventBus"}}
{"__type":"$$EventMessageNode","id":"4bf5f61f-7b4c-4937-b0d5-2687b839a8ee","ts":"2025-07-11T14:55:11.799-04:00","eventName":"n8n.node.started","message":"n8n.node.started","payload":{"workflowId":"y0n8oHJ71nRBReOI","workflowName":"My workflow","executionId":"24","nodeType":"n8n-nodes-base.filter","nodeName":"Технические","nodeId":"d0629b39-8699-41d2-8357-104e74661da1"}}
{"__type":"$$EventMessageConfirm","confirm":"4bf5f61f-7b4c-4937-b0d5-2687b839a8ee","ts":"2025-07-11T14:55:11.799-04:00","source":{"id":"0","name":"eventBus"}}
{"__type":"$$EventMessageNode","id":"0ef44b39-e4c4-4c6c-a58d-f2d0ff8319f4","ts":"2025-07-11T14:55:11.846-04:00","eventName":"n8n.node.finished","message":"n8n.node.finished","payload":{"workflowId":"y0n8oHJ71nRBReOI","workflowName":"My workflow","executionId":"24","nodeType":"n8n-nodes-base.filter","nodeName":"Технические","nodeId":"d0629b39-8699-41d2-8357-104e74661da1"}}
{"__type":"$$EventMessageConfirm","confirm":"0ef44b39-e4c4-4c6c-a58d-f2d0ff8319f4","ts":"2025-07-11T14:55:11.846-04:00","source":{"id":"0","name":"eventBus"}}
{"__type":"$$EventMessageNode","id":"0eb47482-b8b7-4b58-8c8d-da18bc7256fe","ts":"2025-07-11T14:55:11.848-04:00","eventName":"n8n.node.started","message":"n8n.node.started","payload":{"workflowId":"y0n8oHJ71nRBReOI","workflowName":"My workflow","executionId":"24","nodeType":"n8n-nodes-base.telegram","nodeName":"Send a text message","nodeId":"5eade9c7-45ea-405d-9d65-d33b15230737"}}
{"__type":"$$EventMessageConfirm","confirm":"0eb47482-b8b7-4b58-8c8d-da18bc7256fe","ts":"2025-07-11T14:55:11.848-04:00","source":{"id":"0","name":"eventBus"}}
{"__type":"$$EventMessageNode","id":"77e7e23f-717a-4631-b03d-821c784681e5","ts":"2025-07-11T14:55:14.054-04:00","eventName":"n8n.node.finished","message":"n8n.node.finished","payload":{"workflowId":"y0n8oHJ71nRBReOI","workflowName":"My workflow","executionId":"24","nodeType":"n8n-nodes-base.telegram","nodeName":"Send a text message","nodeId":"5eade9c7-45ea-405d-9d65-d33b15230737"}}
{"__type":"$$EventMessageConfirm","confirm":"77e7e23f-717a-4631-b03d-821c784681e5","ts":"2025-07-11T14:55:14.055-04:00","source":{"id":"0","name":"eventBus"}}
{"__type":"$$EventMessageNode","id":"bec91613-0e91-4466-960f-d8889a144723","ts":"2025-07-11T14:55:14.057-04:00","eventName":"n8n.node.started","message":"n8n.node.started","payload":{"workflowId":"y0n8oHJ71nRBReOI","workflowName":"My workflow","executionId":"24","nodeType":"n8n-nodes-base.httpRequest","nodeName":"Закрытие жалобы","nodeId":"c785b661-dfbc-483f-8fb3-36a9fc478f40"}}
{"__type":"$$EventMessageConfirm","confirm":"bec91613-0e91-4466-960f-d8889a144723","ts":"2025-07-11T14:55:14.058-04:00","source":{"id":"0","name":"eventBus"}}
{"__type":"$$EventMessageNode","id":"4c8e8e16-8007-42ff-90ef-7176f1a05fb0","ts":"2025-07-11T14:55:15.020-04:00","eventName":"n8n.node.finished","message":"n8n.node.finished","payload":{"workflowId":"y0n8oHJ71nRBReOI","workflowName":"My workflow","executionId":"24","nodeType":"n8n-nodes-base.httpRequest","nodeName":"Закрытие жалобы","nodeId":"c785b661-dfbc-483f-8fb3-36a9fc478f40"}}
{"__type":"$$EventMessageConfirm","confirm":"4c8e8e16-8007-42ff-90ef-7176f1a05fb0","ts":"2025-07-11T14:55:15.020-04:00","source":{"id":"0","name":"eventBus"}}
{"__type":"$$EventMessageNode","id":"75ce973d-4cff-4906-9887-a9ee9b3f22e8","ts":"2025-07-11T14:55:15.021-04:00","eventName":"n8n.node.started","message":"n8n.node.started","payload":{"workflowId":"y0n8oHJ71nRBReOI","workflowName":"My workflow","executionId":"24","nodeType":"n8n-nodes-base.filter","nodeName":"Оплаты","nodeId":"efcbcd9f-e186-4e0c-b0f1-2dbe5bb6943b"}}
{"__type":"$$EventMessageConfirm","confirm":"75ce973d-4cff-4906-9887-a9ee9b3f22e8","ts":"2025-07-11T14:55:15.021-04:00","source":{"id":"0","name":"eventBus"}}
{"__type":"$$EventMessageNode","id":"e9c7f8c1-bdf6-49ba-949c-3e762980c6d9","ts":"2025-07-11T14:55:15.055-04:00","eventName":"n8n.node.finished","message":"n8n.node.finished","payload":{"workflowId":"y0n8oHJ71nRBReOI","workflowName":"My workflow","executionId":"24","nodeType":"n8n-nodes-base.filter","nodeName":"Оплаты","nodeId":"efcbcd9f-e186-4e0c-b0f1-2dbe5bb6943b"}}
{"__type":"$$EventMessageConfirm","confirm":"e9c7f8c1-bdf6-49ba-949c-3e762980c6d9","ts":"2025-07-11T14:55:15.055-04:00","source":{"id":"0","name":"eventBus"}}
{"__type":"$$EventMessageNode","id":"c2081fb3-f5ac-4749-96e9-d1d32481b66e","ts":"2025-07-11T14:55:15.056-04:00","eventName":"n8n.node.started","message":"n8n.node.started","payload":{"workflowId":"y0n8oHJ71nRBReOI","workflowName":"My workflow","executionId":"24","nodeType":"n8n-nodes-base.googleSheets","nodeName":"Append row in sheet","nodeId":"32c5ac39-d387-4ce1-9cd2-f8fc9fbd6fbe"}}
{"__type":"$$EventMessageConfirm","confirm":"c2081fb3-f5ac-4749-96e9-d1d32481b66e","ts":"2025-07-11T14:55:15.057-04:00","source":{"id":"0","name":"eventBus"}}
{"__type":"$$EventMessageNode","id":"6d677fb5-f881-450a-b0b5-c1e2864e15e8","ts":"2025-07-11T14:55:23.244-04:00","eventName":"n8n.node.finished","message":"n8n.node.finished","payload":{"workflowId":"y0n8oHJ71nRBReOI","workflowName":"My workflow","executionId":"24","nodeType":"n8n-nodes-base.googleSheets","nodeName":"Append row in sheet","nodeId":"32c5ac39-d387-4ce1-9cd2-f8fc9fbd6fbe"}}
{"__type":"$$EventMessageConfirm","confirm":"6d677fb5-f881-450a-b0b5-c1e2864e15e8","ts":"2025-07-11T14:55:23.244-04:00","source":{"id":"0","name":"eventBus"}}
{"__type":"$$EventMessageNode","id":"2739f56d-4257-4e4c-a692-920266547eb6","ts":"2025-07-11T14:55:23.246-04:00","eventName":"n8n.node.started","message":"n8n.node.started","payload":{"workflowId":"y0n8oHJ71nRBReOI","workflowName":"My workflow","executionId":"24","nodeType":"n8n-nodes-base.httpRequest","nodeName":"Закрытие жалобы1","nodeId":"b6a89651-3073-4ddd-8e44-dfa045989f87"}}
{"__type":"$$EventMessageConfirm","confirm":"2739f56d-4257-4e4c-a692-920266547eb6","ts":"2025-07-11T14:55:23.246-04:00","source":{"id":"0","name":"eventBus"}}
{"__type":"$$EventMessageNode","id":"a292403d-87cb-41bf-8a95-94d03695a65f","ts":"2025-07-11T14:55:24.384-04:00","eventName":"n8n.node.finished","message":"n8n.node.finished","payload":{"workflowId":"y0n8oHJ71nRBReOI","workflowName":"My workflow","executionId":"24","nodeType":"n8n-nodes-base.httpRequest","nodeName":"Закрытие жалобы1","nodeId":"b6a89651-3073-4ddd-8e44-dfa045989f87"}}
{"__type":"$$EventMessageConfirm","confirm":"a292403d-87cb-41bf-8a95-94d03695a65f","ts":"2025-07-11T14:55:24.385-04:00","source":{"id":"0","name":"eventBus"}}
{"__type":"$$EventMessageWorkflow","id":"7d660487-f148-4320-9755-68b8780049c2","ts":"2025-07-11T14:55:24.390-04:00","eventName":"n8n.workflow.success","message":"n8n.workflow.success","payload":{"userId":"6f367b87-0447-449a-9cf4-3134c041aaf8","executionId":"24","success":true,"isManual":true,"workflowId":"y0n8oHJ71nRBReOI","workflowName":"My workflow"}}
{"__type":"$$EventMessageConfirm","confirm":"7d660487-f148-4320-9755-68b8780049c2","ts":"2025-07-11T14:55:24.390-04:00","source":{"id":"0","name":"eventBus"}}
